2192996 2473697
1531382 1878244
4396427 4456785
829194 1246275
527528 974776
4641142 4677028
2692493 2923244
1301753 1671578
2416884 2675196
3597046 3737342
522880 970592
3083007 3274707
2680394 2912355
1472090 1824881
307097 776388
3334251 3500826
1559808 1903828
4358327 4422495
4133656 4220291
3943354 4049019
590818 1031737
3602397 3742158
559029 1003127
4315215 4383694
4924235 4931812
2864779 3078302
1015702 1414132
3292941 3463647
4800826 4820744
619447 1057503
3668867 3801981
4462883 4516595
277299 749570
1145356 1530821
206061 685455
1832490 2149241
3099798 3289819
3348392 3513553
1706027 2035425
1830575 2147518
388215 849394
4408698 4467829
229202 706282
3762848 3886564
818785 1236907
3557920 3702128
4354798 4419319
4581579 4623422
1327770 1694993
4295332 4365799
3993598 4094239
2771603 2994443
4574606 4617146
3429088 3586180
1420383 1778345
4605821 4645239
871586 1284428
2085174 2376657
4543480 4589132
1053403 1448063
3047866 3243080
2779113 3001202
1027471 1424724
180421 662379
1867487 2180739
2387453 2648708
1702647 2032383
2866546 3079892
3536742 3683068
2059443 2353499
1824268 2141842
4524061 4571655
3234862 3411376
2011580 2310422
3299956 3469961
4549830 4594847
4809727 4828755
2203409 2483069
1408521 1767669
1725493 2052944
3768264 3891438
601155 1041040
2737273 2963546
2742111 2967900
4915448 4923904
1443199 1798880
1937999 2244200
2403432 2663089
2643351 2879016
4790617 4811556
2844543 3060089
1464759 1818284
3784918 3906427
1523163 1870847
3672611 3805350
1136624 1522962
1331307 1698177
3483866 3635480
2174854 2457369
374991 837492
2462902 2716612
717040 1145336
4470865 4523779
3756861 3881175
3391565 3552409
2987897 3189108
615806 1054226
369089 832181
424948 882454
2865177 3078660
3593058 3733753
3224074 3401667
3330681 3497613
209677 688710
263876 737489
1707325 2036593
83338 575005
4761151 4785036
11332 510199
635651 1072086
3550236 3695213
1204446 1584002
411968 870772
4310697 4379628
1807588 2126830
4381431 4443288
851857 1266672
1269857 1642872
1532041 1878837
4418170 4476353
3182727 3364455
3082644 3274380
2516267 2764641
1726553 2053898
3534568 3681112
1786593 2107934
1701422 2031280
2530263 2777237
4654915 4689424
3592897 3733608
4123585 4211227
561912 1005721
3500274 3650247
3148875 3333988
1506630 1855967
3610175 3749158
1614499 1953050
4922117 4929906
3856736 3971063
4141210 4227089
471043 923939
833858 1250473
3288589 3459731
3754921 3879429
2531928 2778736
567166 1010450
502141 951927
1938607 2244747
3843148 3958834
2032568 2329312
1148471 1533624
588708 1029838
1336810 1703129
857858 1272073
997349 1397615
2099875 2389888
439923 895931
3080934 3272841
3217549 3395795
2270887 2543799
3096766 3287090
4215244 4293720
4012753 4111478
3526846 3674162
4711569 4740413
4807930 4827137
4401964 4461768
1659623 1993661
1825695 2143126
504222 953800
3845125 3960613
1949176 2254259
1639863 1975877
2474688 2727220
215421 693879
2319729 2587757
2237535 2513782
4897012 4907311
1891909 2202719
226544 703890
4989 504491
4320410 4388369
1317541 1685787
507675 956908
4264181 4337763
1695745 2026171
3937677 4043910
4133635 4220272
4728666 4755800
4940058 4946053
1821770 2139593
4588052 4629247
1442803 1798523
123509 611159
3190473 3371426
2217218 2495497
842668 1258402
3562101 3705891
33965 530569
3008748 3207874
574452 1017007
3845257 3960732
4647184 4682466
1051607 1446447
2224670 2502203
3178857 3360972
4086062 4177456
4256393 4330754
1488271 1839444
1355755 1720180
682091 1113882
1746577 2071920
3968614 4071753
166322 649690
3430637 3587574
4822424 4840182
2396585 2656927
3682146 3813932
698480 1128632
1609775 1948798
716982 1145284
677798 1110019
4996803 4997123
211121 690009
724164 1151748
2406860 2666174
3108726 3297854
3410301 3569271
3188991 3370092
4021037 4118934
3579998 3721999
2901924 3111732
2480282 2732254
2256905 2531215
2001436 2301293
2480701 2732631
4959373 4963436
3196561 3376905
212619 691358
4658897 4693008
1644183 1979765
772485 1195237
4424316 4481885
338338 804505
2327395 2594656
1692838 2023555
4485031 4536528
27908 525118
2007614 2306853
4954643 4959179
791842 1212658
2407314 2666583
1564243 1907819
1947952 2253157
1982747 2284473
4180723 4262651
3786563 3907907
1043122 1438810
3690380 3821342
2758502 2982652
2491846 2742662
3265280 3438752
4208604 4287744
885422 1296880
4421903 4479713
38119 534308
4589451 4630506
3397443 3557699
4397157 4457442
3389685 3550717
2948569 3153713
668482 1101634
4790839 4811756
1267625 1640863
469025 922123
3003186 3202868
1375707 1738137
4051373 4146236
3057300 3251570
2655014 2889513
3974744 4077270
4390471 4451424
2982788 3184510
1264478 1638031
3199172 3379255
3450011 3605010
1597219 1937498
2077090 2369381
399609 859649
626799 1064120
2047496 2342747
4496703 4547033
2764318 2987887
4882822 4894540
2501627 2751465
2135609 2422049
4323973 4391576
741809 1167629
4616507 4654857
2692608 2923348
2420924 2678832
4820107 4838097
2478647 2730783
1252117 1626906
1184441 1565997
4155038 4239535
3070688 3263620
4271479 4344332
3369298 3532369
919731 1327758
3816426 3934784
1018731 1416858
2342107 2607897
4439212 4495291
16898 515209
616378 1054741
3530657 3677592
3452995 3607696
4210232 4289209
1935656 2242091
3740583 3866525
4619895 4657906
1816124 2134512
817397 1235658
1326231 1693608
2531807 2778627
3619701 3757731
148844 633960
4808747 4827873
3639943 3775949
3496728 3647056
1040679 1436612
1931098 2237989
750449 1175405
895144 1305630
4271219 4344098
907462 1316716
4735976 4762379
4534757 4581282
3975247 4077723
2376628 2638966
543623 989261
1877320 2189588
3438573 3594716
3691513 3822362
3086839 3278156
4484331 4535898
2057309 2351579
2701439 2931296
2267202 2540482
1634777 1971300
2908778 3117901
2498414 2748573
3598991 3739092
2788906 3010016
3869963 3982967
3958613 4062752
4279623 4351661
1754333 2078900
2300202 2570182
2030143 2327129
4035263 4131737
5433 504890
2694149 2924735
2726083 2953475
2699622 2929660
2528592 2775733
3686018 3817417
4257215 4331494
3685011 3816510
1649880 1984892
260215 734194
1078568 1470712
4442030 4497827
2772425 2995183
4819302 4837372
4423145 4480831
1622491 1960242
4563928 4607536
1364126 1727714
4792856 4813571
3536170 3682553
1271107 1643997
349440 814496
511567 960411
3140778 3326701
1380582 1742524
3904489 4014041
4433319 4489988
2895038 3105535
1120880 1508792
1035323 1431791
3282447 3454203
1361256 1725131
69354 562419
3817450 3935705
4096145 4186531
2358506 2622656
4209279 4288352
4529903 4576913
150514 635463
2868373 3081536
1476836 1829153
3155719 3340148
2285327 2556795
49604 544644
1523784 1871406
2545499 2790950
3990247 4091223
2124600 2412140
1666282 1999654
49641 544677
1085252 1476727
4124685 4212217
387564 848808
1730437 2057394
4964165 4967749
862518 1276267
1547535 1892782
4076639 4168976
4090214 4181193
4703175 4732858
3067150 3260435
915471 1323924
3323410 3491069
4846841 4862157
4462009 4515809
3736726 3863054
1822638 2140375
3707492 3836743
2630107 2867097
1673746 2006372
2195807 2476227
1863167 2176851
1052186 1446968
3484583 3636125
1027657 1424892
1384275 1745848
3709163 3838247
2471658 2724493
4915023 4923521
4332191 4398972
640065 1076059
537593 983834
4523921 4571529
1272658 1645393
1336257 1702632
2825978 3043381
2998683 3198815
3082798 3274519
725813 1153232
186193 667574
518629 966767
4232128 4308916
1278068 1650262
4050841 4145757
488172 939355
2466992 2720293
4776759 4799084
663260 1096934
4138927 4225035
2798288 3018460
4832240 4849016
1525595 1873036
2100706 2390636
2371239 2634116
995900 1396310
789382 1210444
1672052 2004847
3956194 4060575
1140244 1526220
2669049 2902145
2931934 3138741
1732674 2059407
4770260 4793234
220180 698162
4131861 4218675
1345649 1711085
3346203 3511583
1379529 1741577
2522658 2770393
3200289 3380261
1902125 2211913
3634074 3770667
1096683 1487015
2679652 2911687
3335395 3501856
2337137 2603424
3792070 3912863
4657881 4692093
2182310 2464079
602063 1041857
2836667 3053001
4700027 4730025
2287689 2558921
3494189 3644771
3143500 3329150
3646477 3781830
2523080 2770772
4175999 4258400
1939259 2245334
1343072 1708765
4228474 4305627
2165055 2448550
4227081 4304373
2141359 2427224
16169 514553
2558777 2802900
1741485 2067337
719658 1147693
1054400 1448960
1054088 1448680
1124687 1512219
116445 604801
3319353 3487418
200554 680499
4705657 4735092
2691093 2921984
3429502 3586552
2886937 3098244
3871950 3984755
1093161 1483845
4011483 4110335
3877046 3989342
1685997 2017398
4105949 4195355
3586564 3727908
4569098 4612189
30692 527623
1278842 1650958
843581 1259223
866421 1279779
2751852 2976667
1768763 2091887
1558051 1902246
4046605 4141945
2392634 2653371
878462 1290616
1771532 2094379
4619877 4657890
2902452 3112207
4471633 4524470
2747236 2972513
1345871 1711284
921997 1329798
3332918 3499627
4716987 4745289
974507 1377057
3761868 3885682
2180556 2462501
3198629 3378767
1555894 1900305
4488939 4540046
1821327 2139195
4154602 4239142
601353 1041218
1833443 2150099
4441548 4497394
1952940 2257646
2679314 2911383
2119089 2407181
4622856 4660571
4145064 4230558
1392224 1753002
3619535 3757582
1892555 2203300
4628786 4665908
1798483 2118635
2859696 3073727
4825677 4843110
1962609 2266349
4554357 4598922
4976024 4978422
445185 900667
4773427 4796085
2785436 3006893
2455902 2710312
245782 721204
329352 796417
152667 637401
2197502 2477752
1191019 1571918
1317485 1685737
3622634 3760371
3954958 4059463
1133970 1520573
4731572 4758415
1602837 1942554
2014755 2313280
3593048 3733744
2488860 2739974
1870958 2183863
2216725 2495053
4338258 4404433
661911 1095720
3434214 3590793
587310 1028579
4689396 4720457
2809598 3028639
4592260 4633034
4797965 4818169
3467961 3621165
394361 854925
2792184 3012966
3403956 3563561
1344349 1709915
4654920 4689428
3256226 3430604
2605286 2844758
741452 1167307
1030154 1427139
1909947 2218953
1851397 2166258
4131631 4218468
507996 957197
672711 1105440
974926 1377434
3089280 3280352
4633920 4670528
2477995 2730196
3508439 3657596
3671188 3804070
2774007 2996607
1356545 1720891
4273266 4345940
1089197 1480278
4997939 4998146
3397039 3557336
4979837 4981854
3556079 3700472
4387045 4448341
4865707 4879137
4117485 4205737
852645 1267381
853758 1268383
1030406 1427366
2976196 3178577
571641 1014477
2235902 2512312
1549190 1894271
1804227 2123805
4581636 4623473
1694710 2025239
2649964 2884968
4415583 4474025
4520985 4568887
3351336 3516203
535331 981798
2488613 2739752
4385082 4446574
303760 773384
1982386 2284148
304229 773807
1277629 1649867
1807244 2126520
2998980 3199082
600545 1040491
1207856 1587071
3991955 4092760
1382123 1743911
1873179 2185862
3019068 3217162
1830546 2147492
4619124 4657212
572985 1015687
2317774 2585997
4754614 4779153
1098007 1488207
657945 1092151
4796630 4816967
592765 1033489
3632178 3768961
1237616 1613855
2037263 2333537
1981871 2283684
275967 748371
145968 631372
2373083 2635775
4161218 4245097
4441127 4497015
1134790 1521311
3028047 3225243
3866807 3980127
3948940 4054046
323801 791421
137161 623445
2195786 2476208
130497 617448
3688550 3819695
394554 855099
3092076 3111156
3780757 3792950
4248675 4256189
4650421 4653917
4296004 4303044
3725402 3738148
1597617 1631641
2852397 2873874
1234847 1272499
324231 370989
1035470 1075116
2507026 2531956
2898524 2919539
2238404 2266020
4129358 4138065
922579 963354
855898 897340
547310 591837
403018 448988
3871018 3882308
553059 597529
1915558 1946403
959780 1000183
3905627 3916571
1722270 1755048
34482 84138
3548870 3563382
4839349 4840956
161622 210006
1666902 1700233
3533336 3548003
2906372 2927309
4320525 4327320
4268614 4275928
4070401 4079697
155798 204241
1266098 1303438
4878748 4879961
1687138 1720267
202435 250411
2303421 2330387
2789709 2811812
548284 592802
234069 281729
2197025 2225055
3979944 3990145
1895220 1926268
4767822 4770144
4277483 4284709
4580096 4584296
2949895 2970397
4218642 4226456
4655786 4659229
3675244 3688492
1140525 1179120
2593317 2617384
242240 289818
3264908 3282259
802334 844311
2154939 2183390
4396754 4402787
3581199 3595388
1461412 1496798
3269976 3287277
1286252 1323390
2182629 2210803
2383577 2409742
1748311 1780828
7 50007
1312851 1349723
3866052 3877392
2307473 2334399
3429157 3444866
3736003 3748643
4946604 4947138
2173763 2202026
3127685 3146409
2216300 2244137
2607396 2631323
4094856 4103908
4762358 4764735
2954359 2974816
2414058 2439918
943492 984058
592820 636892
2753759 2776222
903000 943970
3739857 3752459
252064 299544
1227402 1265128
423357 469124
152616 201090
1313948 1350809
4537737 4542360
1749207 1781715
2350443 2376939
86852 135984
3178631 3196845
4853681 4855145
4208913 4216824
4306980 4313911
773939 816200
2079450 2108656
2855814 2877256
1795874 1827916
4436373 4442010
3560942 3575333
1083550 1122715
390782 436875
2109258 2138166
1133223 1171891
3857962 3869383
1568266 1602584
756216 798654
2099498 2128504
2557351 2581778
2773462 2795728
2912740 2933613
4081968 4091149
3692879 3705951
3320121 3336920
3169890 3188192
3452575 3468050
1461867 1497249
146085 194625
3061789 3081172
2904249 2925207
2153028 2181498
2523390 2548157
3669838 3683140
1819494 1851300
4116133 4124972
3944202 3954760
2814881 2836733
4829890 4831592
1303616 1340580
846153 887692
3984085 3994245
2694879 2717931
505167 550116
2755127 2777576
2257479 2284905
4227241 4234969
838457 880073
3422033 3437813
1227890 1265612
862986 904357
2574896 2599148
740222 782820
2367271 2393599
767294 809622
1574450 1608706
4356470 4362906
2079136 2108345
2308868 2335780
1759023 1791433
3078290 3097508
315268 362116
3461132 3476521
1227259 1264987
3223414 3241180
1848015 1879535
2932622 2953296
3921131 3931920
1787316 1819443
4465661 4471005
4878605 4879819
4159600 4168004
4138566 4147181
372378 418655
2246788 2274321
4473193 4478462
773518 815783
1005477 1045423
4712741 4715614
2149734 2178237
3088949 3108060
4563292 4567660
158006 206426
2924250 2945008
437380 483007
2584855 2609007
2439758 2465361
4241854 4249436
3191116 3209205
2389246 2415354
804051 846011
3676374 3689611
1500207 1535205
3811949 3823830
3912718 3923591
1655479 1688925
1888326 1919443
2247107 2274636
702325 745302
3756845 3769277
1326838 1363570
1276818 1314050
4583161 4587330
2854480 2875936
2349925 2376426
4256170 4263609
2487893 2513015
2285011 2312161
4943747 4944310
3817421 3829247
4451263 4456751
1181417 1219603
1196263 1234301
254604 302058
3717314 3730141
3962971 3973342
2869457 2890763
2659069 2682479
4062437 4071813
1289810 1326912
3993165 4003234
2458671 2484085
1171097 1209387
4102168 4111147
1121128 1159917
1893959 1925020
4204209 4212167
3705538 3718483
890052 931152
4491448 4496534
2144314 2172871
3799928 3811929
2794682 2816736
1650590 1684085
1861052 1892442
3896105 3907144
4240907 4248498
2763086 2785456
4917285 4918113
3767437 3779763
2183271 2211439
3569181 3583490
2331394 2358081
4015558 4025403
1413337 1449204
2066105 2095444
4942343 4942920
4937023 4937653
2654885 2678337
2856588 2878023
2773230 2795498
1105293 1144241
3529866 3544568
4391489 4397575
2728914 2751625
3348825 3365337
4993384 4993451
3008629 3028543
2614027 2637887
1026833 1066565
2922399 2943176
3371496 3387782
3021447 3041233
3263448 3280814
2377170 2403399
310950 357841
3148072 3166592
3372700 3388973
3743314 3755881
472707 517980
1968478 1998794
3017140 3036969
2243513 2271078
18107 67926
738138 780757
545415 589961
2995477 3015523
3895243 3906291
2024678 2054432
3316128 3332967
4848514 4850029
2873386 2894653
129195 177904
1360233 1396631
2060523 2089918
4668696 4672010
1068691 1108005
3807946 3819867
1920456 1951252
3602868 3616840
2648757 2672270
3391087 3407177
3461277 3476665
1458847 1494259
3488321 3503438
4686213 4689351
1073557 1112822
2409134 2435043
1255804 1293246
4013465 4023331
2705613 2728557
4134138 4142797
2816840 2838672
1521570 1556355
2649934 2673435
3811210 3823098
4952136 4952615
624092 667852
2801751 2823734
2032031 2061711
1046242 1085780
2648576 2672091
497740 542763
2819929 2841730
4701456 4704442
845864 887406
1524362 1559119
3097398 3116425
4309027 4315937
2797806 2819828
1411563 1447448
1538887 1573499
3188808 3206920
4310167 4317066
3950723 3961216
3685286 3698434
4564584 4568939
956256 996694
4595933 4599974
2897325 2918352
765196 807545
3077878 3097100
2326493 2353229
2022163 2051942
3578217 3592435
1615359 1649206
595148 639197
1115059 1153909
3477595 3492820
4026328 4036065
964094 1004454
42611 92185
1543077 1577647
449549 495054
3071277 3090565
2546169 2570708
1745259 1777807
4846520 4848055
2424886 2450638
2809832 2831734
250088 297588
2541102 2565691
186108 234247
3345843 3362385
1854045 1885505
1139354 1177961
4246649 4254183
2372617 2398891
4659136 4662545
349619 396123
3975111 3985360
1483265 1518433
988962 1029073
416739 462572
2493260 2518328
2766466 2788802
4761790 4764173
1071129 1110418
2905867 2926809
1570233 1604531
3111896 3130778
1292603 1329677
4166900 4175231
655561 699006
989813 1029915
3687720 3700843
1941128 1971717
1744313 1776870
754208 796666
2546377 2570914
4491398 4496485
1039586 1079191
4058082 4067502
639951 683552
528492 573208
3400787 3416780
996472 1036508
35493 85139
148133 196652
1826736 1858469
4876829 4878061
3500807 3515799
1020762 1060555
3371119 3387408
1909412 1940318
3250690 3268184
1445086 1480636
2841132 2862721
117328 166155
1847604 1879128
118392 167209
2768977 2791288
2205005 2232955
531812 576494
3738069 3750689
2946357 2966894
345265 391813
253552 301017
3062759 3082132
4308564 4315479
430123 475822
4097984 4107005
4620370 4624167
2125102 2153851
4350660 4357154
4054623 4064077
92469 141545
1920027 1950827
2880121 2901320
3903466 3914432
2293677 2320741
3435040 3450690
4879692 4880896
3285649 3302793
3414689 3430543
1472708 1507981
2230996 2258687
44823 94375
2685626 2708770
4370435 4376731
1085151 1124300
3200215 3218213
1000319 1040316
3302250 3319228
4142110 4150689
4961591 4961976
2854836 2876288
2557400 2581826
3254744 3272197
2769857 2792159
3024459 3044215
551356 595843
4543491 4548057
3862356 3873733
2589082 2613192
1456900 1492331
3966772 3977105
1081901 1121082
3775259 3787507
1724423 1757179
1679218 1712426
1264188 1301547
4677295 4680523
969951 1010252
2496559 2521594
1823557 1855322
966365 1006702
3744219 3756777
875882 917124
113614 162478
2105485 2134431
1069177 1108486
785061 827211
4583439 4587605
1503756 1538719
2348378 2374895
2082234 2111412
2264183 2291542
2882392 2903569
1129616 1168320
994467 1034523
4338724 4345337
3522882 3537654
4516704 4521537
3104181 3123140
1039395 1079002
3769183 3781492
3505268 3520216
2465852 2491194
4306536 4313471
87112 136241
646317 689854
2886567 2907702
3984829 3994981
974566 1014821
2970167 2990466
4663450 4666816
156283 204721
4521548 4526333
2647650 2671174
132444 181120
1916747 1947580
4910449 4911345
1685797 1718940
4171573 4179858
530104 574803
740868 783460
4725500 4728245
267742 315065
3117114 3135943
3333458 3350124
2753167 2775636
4257627 4265051
1877373 1908600
4130661 4139355
123946 172707
4259485 4266891
4422068 4427848
696061 739101
3496474 3511510
4132858 4141530
4028132 4037851
1879169 1910378
554684 599138
425901 471642
4905306 4906253
4295635 4302679
1441338 1476925
3933034 3943704
2130019 2158719
4141226 4149814
4332932 4339603
1019909 1059710
473988 519249
3220855 3238647
107947 156868
1931872 1962554
3698541 3711556
2434972 2460623
2003474 2033440
3905071 3916021
1964576 1994931
1041748 1081331
3259074 3276484
1821277 1853065
747189 789718
4658882 4662294
4718154 4720973
2588365 2612482
4768551 4770866
4877527 4878752
1855140 1886589
1794388 1826445
3913684 3924548
4111472 4120358
852958 894429
633790 677453
222531 270306
2501146 2526135
885782 926925
4075049 4084299
3181732 3199915
4738845 4741457
1856132 1887571
3803217 3815185
1813516 1845381
3064478 3083834
781580 823765
2953963 2974424
1666540 1699875
2984676 3004830
3026305 3046042
4381123 4387312
4775801 4778043
4714029 4716889
2522537 2547312
3613782 3627645
2393133 2419202
3485226 3500374
3733415 3746081
2753884 2776346
1277176 1314405
681353 724540
174515 222770
1578196 1612415
332344 379021
3652081 3665561
1990875 2020967
1660946 1694337
3971511 3981796
2437839 2463461
3903423 3914389
34766 84419
3209563 3227468
1245431 1282977
536978 581609
1650484 1683980
457937 503358
4117335 4126162
3213104 3230973
4700767 4703760
4590097 4594197
4704829 4707781
1627122 1660851
3451206 3466694
900694 941688
4369387 4375694
4488220 4493338
428658 474372
2485766 2510909
4905094 4906044
3354325 3370782
1281825 1319007
3866826 3878158
2664946 2688297
4071475 4080761
327182 373911
2846915 2868446
4928439 4929155
4231916 4239597
4950539 4951034
2441251 2466839
3908989 3919900
2369012 2395322
2555923 2580364
2165308 2193655
4167184 4175513
2213970 2241831
1366649 1402983
3726939 3739670
2147715 2176238
4186860 4194992
2983963 3004124
3120866 3139658
2229563 2257268
4195661 4203705
3345259 3361807
811106 852995
2856135 2877574
918980 959791
4177869 4186091
3127653 3146377
2902164 2923143
3297721 3314744
2129102 2157811
423790 469553
308353 355270
4073767 4083030
234392 282049
4122925 4131696
4680280 4683478
2010578 2040473
4178377 4186594
2768720 2791033
707341 750268
2688862 2711974
323796 370559
543591 588156
2886072 2907212
3703120 3716089
4737744 4740367
1009344 1049251
2130205 2158903
220448 268244
703352 746319
4988547 4988662
3196691 3214725
1999833 2029835
4029067 4038777
423640 469404
1936921 1967552
208472 256388
1756026 1788466
4266143 4273482
2498854 2523866
1094253 1133311
1054434 1093890
3665565 3678910
2603866 2627828
2322397 2349174
3750046 3762546
3041174 3060763
2181932 2210113
2481196 2506385
4761567 4763952
3273630 3290894
549304 593811
1443076 1478646
676911 720142
61441 110827
2121453 2150239
1708850 1741762
2286753 2313886
4436360 4441997
4048826 4058338
3677311 3690538
4765971 4768312
641923 685504
1141726 1180309
1863058 1894428
492865 537937
1464131 1499490
622949 666720
303882 350844
232291 279969
1182472 1220648
2402310 2428287
1850775 1882268
1596280 1630318
3382976 3399147
1679697 1712901
2286048 2313188
3425331 3441078
2316549 2343384
4063263 4064200
981259 985278
3374373 3375999
1925386 1928461
1570393 1573823
3024659 3026635
514974 519460
934516 938582
2935202 2937267
2925483 2927558
2336680 2339344
1027114 1031087
4320983 4321663
4377684 4378307
2842146 2844304
3807040 3808233
1475250 1478775
1409162 1412753
998897 1002899
3666578 3667912
3543773 3545230
2260187 2262927
4230705 4231475
3094582 3096488
1826636 1829810
3066007 3067941
3009143 3011134
3549689 3551140
2100758 2103658
3174372 3176198
569574 574005
3524107 3525583
3674938 3676264
38590 43552
1461838 1465377
2893016 2895123
4010482 4011472
2774365 2776591
3288221 3289933
1651906 1655255
645044 649399
4979163 4979184
192825 197633
1137456 1141319
1221718 1225497
1632071 1635439
1546091 1549545
4325708 4326383
4353436 4354083
1560841 1564281
1468021 1471553
2852552 2854700
4101162 4102061
3224654 3226430
3667720 3669053
3308036 3309728
2658166 2660508
3934008 3935074
569114 573545
679571 683892
3202238 3204036
4892541 4892649
4639684 4640045
2819738 2821919
1402903 1406501
356664 361308
3303995 3305692
3618375 3619757
2471722 2474251
745803 750058
541689 546148
1456982 1460526
1981396 1984415
2793484 2795691
1378806 1382428
1493615 1497122
4910047 4910137
2399390 2401991
1967791 1970824
868720 872852
2013798 2016785
2272603 2275331
687894 692207
4335713 4336378
2839613 2841774
809173 813364
4942893 4942951
2736273 2738537
468950 473482
4652289 4652637
2471151 2473680
3270390 3272120
1344823 1348479
2783519 2785736
4738199 4738461
4901444 4901543
1155536 1159381
2209596 2212387
2755846 2758091
1040794 1044754
3037978 3039941
106183 111077
294701 299407
1212524 1216312
242865 247623
4486299 4486813
2181644 2184463
837046 841209
724269 728545
1328077 1331749
1825649 1828824
373365 377992
2525051 2527526
273944 278671
3463287 3464824
2529131 2531602
4248372 4249124
835843 840008
3779539 3780760
1414786 1418372
3645320 3646675
992316 996324
2563286 2565723
3709921 3711212
2444209 2446765
4842068 4842226
2746084 2748338
4721549 4721828
3032185 3034153
1924696 1927772
4500653 4501153
3508929 3510421
3306846 3308540
1560101 1563541
1693977 1697284
2134160 2137026
2032821 2035789
3059757 3061698
822046 826224
3639085 3640446
375162 379787
4521192 4521671
3243832 3245589
4998145 4998147
3247302 3249055
1871263 1874392
3350709 3352359
95390 100295
697393 701696
2488783 2491295
3853482 3854629
669847 674178
3725927 3727202
3063704 3065641
2716620 2718904
1172935 1176763
3502813 3504311
3683414 3684731
699639 703940
1067623 1071556
3737696 3738959
97902 102805
2562709 2565147
2117770 2120653
262169 266907
4210677 4211467
3177371 3179194
3664637 3665973
2306335 2309029
350169 354819
641309 645668
1750544 1753794
2749623 2751874
2667659 2669992
1304338 1308034
3417605 3419188
281457 286176
2583805 2586222
736181 740445
3389515 3391126
356568 361212
490680 495190
2679972 2682293
1797788 1800991
3799768 3800969
915123 919208
3393762 3395369
4781718 4781937
4731890 4732159
459284 463825
727947 732220
1836740 1839904
2135509 2138374
1755765 1759010
2145859 2148714
699264 703565
4817620 4817803
4314335 4315021
1908435 1911527
4850080 4850230
4832586 4832754
378240 382862
4794308 4794514
829356 833527
1602871 1606269
1481060 1484579
1137162 1141025
3061887 3063826
565290 569725
983641 987658
2016741 2019725
3449136 3450687
4651258 4651607
1309661 1313352
3657559 3658902
2118063 2120945
3852016 3853164
3499606 3501107
3922494 3923572
2580148 2582568
2675400 2677725
1312583 1316271
1179284 1183105
3330979 3332649
827278 831451
229891 234662
2901116 2903215
528385 532857
3558209 3559651
2594225 2596631
4537702 4538165
571791 576220
3683047 3684364
1778484 1781706
3611840 3613229
3881380 3882499
2073055 2075982
1126434 1130308
4637796 4638159
2213720 2216507
407976 412569
4192224 4193032
846800 850954
3211784 3213573
2028691 2031663
2231635 2234404
1694949 1698255
1958914 1961956
1599490 1602891
394875 399481
3496020 3497524
3594772 3596178
527085 531558
3813765 3814952
499878 504379
2171635 2174464
4446028 4446582
3877730 3878853
3962853 3963891
314910 319596
1446436 1449990
1062997 1066935
242738 247496
745889 750144
1733287 1736554
1811521 1814710
1912597 1915685
278031 282753
3067192 3069125
720001 724281
4757280 4757523
4832697 4832865
4747722 4747975
2185710 2188525
2954675 2956721
2230889 2233659
3035576 3037541
1674636 1677962
12800 17788
288761 293473
1136186 1140050
2287009 2289722
564667 569103
4085751 4086666
1042719 1046677
235447 240212
2002523 2005521
2441909 2444468
2064605 2067541
1102132 1106030
4335816 4336481
3219044 3220825
3931095 3932164
4780741 4780961
137264 142127
2258556 2261298
2815911 2818096
2775393 2777618
374986 379612
2680672 2682992
3366201 3367835
3599447 3600848
1483011 1486528
1125845 1129720
2686568 2688882
4882837 4882955
2882648 2884766
3686478 3687792
1450823 1454373
3372404 3374032
3461139 3462678
3019750 3021731
3727351 3728624
3431583 3433152
4411338 4411927
826197 830371
2178094 2180916
2925844 2927919
4424425 4425001
2369758 2372389
863161 867298
593871 598278
3654123 3655469
450589 455139
2073713 2076640
2359877 2362518
2765172 2767407
486895 491409
758417 762659
4564036 4564472
4355321 4355966
3773329 3774556
3306631 3308325
1204329 1208125
1071088 1075017
2943306 2945363
664027 668363
2086477 2089391
4143060 4143917
2953381 2955428
1895876 1898981
4184500 4185316
1480480 1484000
2667791 2670124
1842293 1845451
2090343 2093253
4855479 4855624
20791 25771
3190437 3192247
2125459 2128334
778895 783117
1563045 1566482
1310499 1314189
190894 195704
4691502 4691811
604510 608906
4715600 4715885
4953243 4953290
1270052 1273782
4514025 4514511
4724732 4725008
1379918 1383539
2082516 2085434
1916830 1919914
778780 783002
4631226 4631595
2118196 2121078
2024967 2027943
2462945 2465483
4865028 4865163
1383185 1386802
2185647 2188462
2756983 2759227
4945986 4946041
2986332 2988346
278659 283381
1672369 1675697
3768236 3769468
3035549 3037514
1644196 1647552
3858974 3860116
2669426 2671757
810968 815158
2362443 2365081
4583369 4583786
2534785 2537251
2672916 2675244
1514879 1518365
3576556 3577980
2606855 2609249
4561284 4561723
431899 436468
3924474 3925550
1408641 1412233
3846426 3847580
1313520 1317207
1496542 1500046
4064206 4065142
4737505 4737768
3968398 3969430
2166334 2169168
1155792 1159637
1838280 1841442
48871 53823
437692 442255
4652777 4653125
3371887 3373516
3200635 3202435
1105117 1109012
4916435 4916519
2011844 2014833
1472193 1475721
4521346 4521825
4444381 4444937
4768695 4768927
1542305 1545763
415987 420572
3432713 3434281
1776985 1780209
1542425 1545883
230882 235652
4263612 4264349
4828247 4828419
1629886 1633257
161876 166715
362577 367215
2544106 2546562
3197904 3199707
2017989 2020972
4003323 4004320
1917862 1920945
4370703 4371333
3197896 3199699
3135656 3137521
4832000 4832168
4830891 4831061
1971026 1974055
26741 31715
748616 752868
4938023 4938085
235473 240238
128202 133074
2748097 2750349
3338081 3339743
3885054 3886169
2905601 2907696
42364 47322
1305901 1309596
981841 985860
2627937 2630310
3287304 3289017
356445 361089
1170986 1174816
282461 287179
3424692 3426268
184903 189719
2843227 2845384
3867265 3868398
1517220 1520703
2591377 2593786
1246657 1250411
4289866 4290577
3563410 3564847
3020979 3022959
481628 486147
1926185 1929259
361225 365864
2830329 2832499
976793 980817
4611403 4611792
204164 208960
2318279 2320961
3165209 3167044
1172001 1175829
2043799 2046756
3835285 3836450
3833776 3834943
3135001 3136866
1227676 1231449
1137709 1141572
1982251 1985269
2198925 2201727
309232 313923
3994825 3995831
1791393 1794602
2023811 2026788
113784 118671
3737180 3738443
1568030 1571462
934191 938257
2291578 2294287
3046122 3048076
2427413 2429986
3318488 3320170
4728697 4728969
1136390 1140254
4460594 4461134
1661660 1664999
3409977 3411568
1429590 1433161
2103552 2106449
2381812 2384431
3676952 3678276
2871723 2873852
443697 448254
1695608 1698913
3752448 3753696
4564540 4564976
415331 419916
3656272 3657616
3226005 3227779
2238830 2241592
2006340 2009334
4256652 4257396
213016 217803
4606753 4607147
599450 603851
2788039 2790251
4286050 4286764
2482103 2484621
565688 570123
2596695 2599099
1550792 1554242
1976990 1980014
3406438 3408032
1872848 1875976
1313237 1316924
1752437 1755685
624045 628421
3275605 3277330
3807925 3809118
2721667 2723946
2020363 2023343
524618 529094
2796961 2799165
1476842 1480366
834646 838812
3865355 3866490
923595 927672
3932383 3933451
394459 399065
4065159 4066094
468528 473060
4502306 4502804
2414860 2417446
4787564 4787777
4042948 4043906
360296 364936
2968234 2970266
4701064 4701363
4752315 4752563
4441124 4441683
26728 31702
1636114 1639478
1698442 1701744
2282255 2284973
1960249 1963289
1336597 1340261
561924 566363
641849 646208
3382996 3384614
2575728 2578153
2159347 2162188
2642486 2644844
2433330 2435897
4435260 4435825
3516524 3518008
3724104 3725380
1805725 1808920
813502 817689
359285 363926
4302665 4303363
1922989 1926067
1900283 1903383
1954930 1957976
4332141 4332809
3488588 3490100
2156525 2159369
4822902 4823080
2300507 2303207
3495611 3497116
830668 834838
955895 959940
693146 697453
1547560 1551013
3911165 3912254
1721634 1724913
3668803 3670135
3657507 3658850
4110099 4110989
3932834 3933902
3549924 3551375
2608994 2611386
1792858 1796066
4941421 4941480
4517719 4518202
1535823 1539288
4123253 4124130
3843173 3844330
4391411 4392020
1708815 1712107
2812274 2814462
673683 678010
4954018 4954064
817927 822110
616688 621072
3224529 3226305
3314837 3316523
1457581 1461124
2471023 2473552
1864623 1867759
313871 318558
1825959 1829134
1437016 1440579
4095308 4096213
2162323 2165161
3484363 3485879
1594302 1597708
2678623 2680945
4358235 4358877
3303620 3305317
1412294 1415882
2522226 2524704
2697970 2700273
3082746 3084664
2409688 2412279
1629771 1633142
521040 525519
4493471 4493978
3598097 3599499
678113 682435
3818786 3819968
2257699 2260442
1111526 1115415
4017778 4018761
1002325 1006323
1547462 1550915
1859618 1862759
2390325 2392935
4791071 4791280
4608136 4608528
1676293 1679617
1108168 1112060
3466863 3468397
4092029 4092937
4909314 4909405
1065932 1069867
1199492 1203293
2169684 2172515
857883 862026
1270803 1274533
1006659 1010653
4916668 4916752
1467362 1470895
4991538 4991547
4310743 4311433
1498408 1501910
331024 335693
4854249 4854395
4761008 4761247
1273491 1277218
3962862 3963900
3608281 3609673
2398987 2401589
4145463 4146318
2928309 2930381
2803749 2805946
185763 190578
2139555 2142416
3580348 3581768
2876429 2878553
3084228 3086144
3269000 3270731
1082550 1086468
3450966 3452516
1281801 1285520
1407222 1410815
4846433 4846587
4214699 4215485
4315197 4315882
4713763 4714050
3174323 3176149
3344111 3345767
4977599 4977622
2549538 2551989
3387161 3388774
2778282 2780504
310389 315079
2025383 2028358
2574872 2577298
3812749 3813937
3904334 3905430
3277668 3279391
2475503 2478028
4563045 4563482
1607864 1611257
1305986 1309681
3671206 3672535
609334 613725
4464220 4464756
2167004 2167288
4127337 4127425
3567316 3567460
4031380 4031477
1264617 1264991
4153471 4153556
2219754 2220033
1113614 1114003
3520888 3521036
4247124 4247200
4431364 4431421
939121 939528
1205477 1205857
588586 589028
691560 691991
1858992 1859307
892142 892553
4978901 4978904
451352 451807
2049057 2049353
2161037 2161321
1925543 1925851
3052763 3052958
1177045 1177428
4265034 4265108
2999537 2999738
1206227 1206607
1144493 1144879
1901587 1901897
4235571 4235648
2302190 2302460
3418056 3418215
794832 795253
2303750 2304020
3752296 3752421
3963067 3963171
3056171 3056366
2387090 2387352
532890 533337
1140466 1140852
4702576 4702606
3227511 3227689
1910656 1910965
1321933 1322301
4335698 4335765
4775804 4775827
4427283 4427341
4382962 4383024
2673697 2673930
4945024 4945030
157947 158432
3985718 3985820
299687 300158
1288405 1288777
3238711 3238888
4313355 4313424
1131129 1131516
246287 246763
1334960 1335327
2618432 2618671
1454046 1454401
2222805 2223083
261461 261935
1224590 1224968
1662621 1662955
176384 176867
893635 894046
2675547 2675780
3856978 3857093
4865855 4865869
92967 93458
1518648 1518997
2817124 2817343
2084800 2085092
3285717 3285889
4298060 4298131
2152644 2152929
2552448 2552693
2690093 2690324
280553 281025
2734275 2734502
4440106 4440162
612559 612998
1812699 1813018
1588940 1589282
932622 933029
3731799 3731926
3293839 3294010
3968339 3968443
2979645 2979848
3711863 3711992
1700961 1701291
3792067 3792188
1568426 1568770
4262676 4262750
5541 6041
1185300 1185682
4568001 4568045
3243955 3244131
761120 761544
2504490 2504740
1373326 1373689
382216 382678
3517143 3517292
4477746 4477799
346752 347218
715705 716134
620310 620748
427974 428432
191206 191687
602404 602844
2828632 2828850
77436 77929
522841 523289
2390791 2391052
1826032 1826350
802043 802463
1734869 1735196
1925517 1925825
3954034 3954139
680070 680502
460 960
441820 442276
1356905 1357270
2296972 2297243
677429 677862
2419213 2419472
4375939 4376002
910458 910867
164167 164651
3993980 3994081
1857235 1857550
3396716 3396877
2454612 2454867
734558 734985
1983644 1983946
210523 211002
1202051 1202431
1583720 1584062
3745752 3745878
4960183 4960187
2997500 2997701
4211558 4211637
912752 913161
1384615 1384977
2983276 2983478
4196929 4197010
2074252 2074545
3968180 3968284
3061735 3061929
952813 953218
571772 572215
2576105 2576348
1172940 1173323
1264424 1264798
2991855 2992056
588929 589371
442574 443030
4492899 4492950
3695294 3695425
4392498 4392559
3053653 3053848
4002822 4002922
3170533 3170716
2387489 2387751
1777792 1778115
480621 481073
3856491 3856606
573050 573493
4272634 4272707
2181350 2181632
153044 153529
336911 337378
3717153 3717282
3452865 3453020
1200382 1200762
2001483 2001783
2695095 2695326
3581477 3581619
391762 392223
4704183 4704213
3316958 3317127
4970440 4970443
4514361 4514410
3698122 3698253
2530722 2530969
1189590 1189972
4279448 4279521
617910 618349
1809604 1809924
165176 165660
1651406 1651741
4350221 4350286
1141575 1141961
1803244 1803564
3858103 3858218
2699530 2699761
4933989 4933996
586390 586832
1833578 1833895
1605094 1605434
1308903 1309273
4380461 4380523
4028406 4028504
2395881 2396142
1272287 1272660
2672980 2673213
1504771 1505121
1350119 1350484
265140 265614
577202 577645
877504 877917
3531015 3531162
2709008 2709238
3980212 3980314
348370 348836
1383005 1383367
1840167 1840483
1524357 1524705
1012420 1012819
2643299 2643535
4347692 4347758
4093629 4093720
3761176 3761300
3285146 3285318
684907 685339
2999623 2999824
3650084 3650219
1007722 1008122
1629624 1629962
4459259 4459314
4725834 4725862
1043498 1043894
1066592 1066986
1397293 1397654
3234690 3234867
1077845 1078238
4756279 4756304
4635165 4635202
3147093 3147279
3326474 3326642
4604694 4604734
3433634 3433791
1386677 1387039
4218488 4218567
289652 290124
4916254 4916263
60798 61292
4005281 4005381
2234258 2234535
4474426 4474479
746665 747091
2833908 2834125
4418774 4418833
1276355 1276728
3752273 3752398
4476199 4476252
4416254 4416313
3080295 3080487
466374 466828
1157649 1158034
777939 778362
864031 864445
3508408 3508558
1306487 1306857
4761047 4761071
2381342 2381604
4757977 4758002
1601126 1601466
137377 137864
758647 759072
557476 557921
3385107 3385269
1616576 1616915
3377537 3377700
1680109 1680441
1399012 1399373
4293893 4293964
4825224 4825242
2196579 2196860
156141 156626
474507 474960
2307827 2308097
2039231 2039528
3012201 3012400
4435083 4435140
2136846 2137133
4343604 4343670
3371358 3371521
1127811 1128199
886493 886905
736987 737414
4101385 4101475
3150990 3151175
822814 823232
3242147 3242323
1599816 1600157
2551672 2551917
2310245 2310514
3242102 3242278
4018765 4018864
2797273 2797494
124311 124799
386352 386814
2640585 2640821
3713037 3713166
3512190 3512339
817704 818123
3883204 3883316
4374875 4374938
257286 257761
2287817 2288089
4640088 4640124
4595284 4595325
3630909 3631046
627299 627737
1718912 1719241
2357548 2357813
4252775 4252850
2229244 2229522
3579547 3579690
2663823 2664057
695364 695795
3143903 3144089
4941174 4941180
4082423 4082515
882198 882610
1466339 1466693
2199632 2199913
639687 640124
4540279 4540325
2039746 2040043
3491711 3491862
3800906 3801026
2518421 2518670
1411146 1411505
3020444 3020642
884743 885155
141973 142459
3732520 3732647
4112840 4112929
2758633 2758858
2930926 2931133
4522432 4522480
68517 69011
3474049 3474202
4426638 4426696
3470128 3470281
1374185 1374548
1831654 1831971
95542 96033
2252941 2253216
1069434 1069828
1576436 1576779
1242195 1242571
2683273 2683505
221065 221543
2209599 2209879
2542595 2542841
2718885 2719114
929368 929776
1000825 1001225
3526971 3527119
941772 942178
2317901 2318170
4918393 4918402
4360802 4360866
2220484 2220762
3941774 3941880
2679032 2679265
2160648 2160932
4179969 4180052
4861927 4861941
4790207 4790228
486736 487188
4060313 4060407
35476 35973
425522 425980
645065 645501
610634 611073
3206687 3206867
2082910 2083202
4185002 4185084
3999405 3999506
1991773 1992074
4306121 4306191
4233697 4233774
2624524 2624762
3303847 3304017
3604409 3604549
3727668 3727796
36553 37050
3901781 3901891
3925581 3925689
4187324 4187406
50717 51212
2651798 2652033
902245 902655
546611 547057
2167769 2168053
3424642 3424800
149792 150278
3136125 3136312
79072 79565
2305559 2305829
2918867 2919076
2018731 2019030
4519526 4519575
4996288 4996289
4857714 4857729
4630563 4630600
3973961 3974064
4864366 4864380
3110271 3110460
4987065 4987067
4202359 4202439
3863016 3863130
3346903 3347069
1712237 1712566
1370933 1371296
1166741 1167125
2088754 2089046
1872820 1873133
3492596 3492747
704878 705308
1448250 1448606
1587821 1588163
3954202 3954307
2862933 2863147
269098 269572
1528551 1528899
1380964 1381326
4778126 4778149
2723196 2723424
823034 823452
3311948 3312117
2340777 2341043
3905490 3905600
1689432 1689764
1622189 1622527
4448369 4448425
617727 618166
4686607 4686639
4318104 4318173
4234634 4234711
4240784 4240860
4333768 4333835
2255196 2255471
2453396 2453651
332341 332808
4623945 4623983
2487188 2487440
3655087 3655222
1347084 1347450
4293861 4293932
3784704 3784826
1045752 1046148
24313 24811
1590301 1590642
1463406 1463760
1081430 1081822
2454814 2455069
1166725 1167109
116342 116831
1121481 1121869
279189 279662
3984769 3984871
4014746 4014845
3752553 3752678
1467396 1467750
4028772 4028870
4364023 4364087
1028151 1028549
526984 527432
2293968 2294239
542408 542854
1450200 1450555
501911 502361
2623581 2623819
2865140 2865354
1093206 1093597
4645087 4645123
966891 967295
4752180 4752205
3499492 3499643
2280439 2280711
2755968 2756193
4209483 4209563
501774 502224
4014159 4014258
2890446 2890657
993128 993529
4150867 4150952
3419078 3419237
1869902 1870216
1674822 1675155
438510 438967
710613 711042
1357474 1357839
2123246 2123534
628724 629162
3356475 3356640
3707702 3707832
1137632 1138019
504412 504862
3038673 3038870
2216269 2216548
1915320 1915629
3517740 3517889
629249 629687
629698 630136
4879613 4879626
2681991 2682223
945579 945985
407386 407846
1144799 1145185
3785888 3786010
3838175 3838292
4214036 4214115
4430175 4430232
1646355 1646691
2543281 2543527
1843599 1843915
3144974 3145160
4933964 4933971
528199 528647
50703 51198
4771567 4771590
1288127 1288499
1621907 1622245
982192 982594
716069 716498
3720319 3720447
3451241 3451396
4022992 4023090
593283 593724
4483268 4483320
77012 77505
1819400 1819719
4862275 4862289
825529 825947
4022564 4022662
3525357 3525505
847509 847925
4118763 4118852
4415310 4415369
2854714 2854929
809591 810011
2855719 2855934
2909051 2909261
1206818 1207198
3012013 3012212
2216196 2216475
4082158 4082250
3200752 3200932
1053512 1053907
1479458 1479811
2640371 2640607
2149800 2150086
4564148 4564192
3250421 3250596
1963277 1963581
2302474 2302744
2054738 2055033
4095566 4095657
3609937 3610077
344158 344624
4756076 4756101
4426414 4426472
2396305 2396566
491796 492247
3324000 3324168
3350547 3350712
3982683 3982785
1751827 1752152
1259733 1260108
3876140 3876253
2435384 2435641
3793839 3793960
1094156 1094547
2962530 2962734
894659 895070
767066 767490
3639995 3640132
3235557 3235734
4024851 4024949
3750416 3750541
488400 488852
3038379 3038576
1379699 1380062
4016557 4016656
3109121 3109311
4919185 4919194
3306884 3307054
185549 186031
3381447 3381609
3007534 3007734
1421409 1421767
2175323 2175606
3044447 3044643
1736594 1736921
3736555 3736682
4424278 4424336
468085 468539
4250786 4250861
2628794 2629032
3064670 3064864
1112733 1113122
4720791 4720819
4807856 4807876
3871521 3871634
328957 329425
4408278 4408338
1361158 1361522
1012225 1012624
4844234 4844250
2034264 2034561
4458848 4458903
2225834 2226112
1924372 1924680
4741154 4741180
430755 431212
4555668 4555713
2251297 2251572
177682 178165
1818694 1819013
4173633 4173716
1593663 1594004
4315636 4315705
2970203 2970406
153639 154124
4123371 4123459
940351 940757
3226083 3226261
2137505 2137792
4472057 4472110
1006871 1007271
472620 473073
826196 826614
77450 77943
3727306 3727434
272233 272706
2594351 2594592
3451807 3451962
3420075 3420233
3240749 3240925
3772592 3772715
1807530 1807850
4601569 4601609
1606738 1607078
440592 441048
3961985 3962089
2146981 2147267
1137268 1137655
1029766 1030164
465902 466356
4025246 4025344
2210505 2210784
1260133 1260507
3628505 3628643
1888850 1889162
2386990 2387252
4766785 4766809
1486886 1487238
1311944 1312313
4184845 4184927
3388954 3389116
1664777 1665111
1675955 1676288
4016049 4016148
3625631 3625769
3176770 3176953
966411 966815
1260393 1260767
959109 959514
3832277 3832394
474499 474952
1571832 1572175
2117138 2117427
4059445 4059540
2453132 2453387
580289 580731
4661051 4661085
3919246 3919355
3977720 3977823
522887 523335
2637286 2637523
3973650 3973753
819731 820150
4365762 4365826
2266624 2266898
1064449 1064843
2816680 2816899
1473882 1474235
18708 19207
740694 741120
3052861 3053056
2694642 2694873
2187421 2187703
2266279 2266553
2705315 2705338
2642941 2642965
517642 517687
3640223 3640237
2357201 2357228
436805 436851
1649898 1649932
1183145 1183184
3368912 3368929
2502906 2502931
2611044 2611068
1267054 1267092
4270305 4270313
2537540 2537565
4706014 4706017
3904272 3904283
3792829 3792842
2481137 2481163
3502790 3502805
975691 975732
3380386 3380403
532808 532853
307201 307248
1873949 1873981
1058067 1058107
495141 495187
3879534 3879546
1773849 1773882
834261 834303
3544218 3544233
4161803 4161812
4180162 4180171
4882312 4882314
4057991 4058001
1202689 1202727
2047225 2047255
2088590 2088620
1306803 1306840
3985153 3985164
4204987 4204995
4975567 4975568
3954926 3954937
860818 860860
1422154 1422190
3122775 3122794
4510111 4510116
64587 64637
7838 7888
4009608 4009618
2961956 2961977
1181182 1181221
2075161 2075191
3862102 3862114
2764592 2764615
4454737 4454743
2218754 2218782
6148 6198
962863 962904
4423721 4423727
2119513 2119542
4257899 4257907
1889878 1889910
2973841 2973862
4717145 4717148
2568690 2568715
4719028 4719031
28297 28347
4420124 4420130
2336245 2336272
736470 736513
3044965 3044985
1974415 1974446
2054429 2054459
4122870 4122879
2180728 2180757
3513910 3513925
4754452 4754455
4912367 4912368
2008354 2008384
2815651 2815673
3209741 3209759
4272146 4272154
4531069 4531074
3012852 3012872
827914 827956
1512305 1512340
133752 133801
724446 724489
4856965 4856967
3998888 3998899
1917458 1917489
1050173 1050213
80080 80130
3616532 3616546
2525421 2525446
4098106 4098116
2036052 2036082
3780175 3780188
3895317 3895329
4100294 4100303
4431999 4432005
1489288 1489324
3629047 3629061
2247654 2247682
2188170 2188199
1097144 1097184
4037062 4037072
1306767 1306804
13382 13432
4430259 4430265
2310375 2310402
2179254 2179283
20205 20255
25492 25542
4019198 4019208
497819 497865
3906338 3906349
1005740 1005780
2369616 2369643
4890511 4890513
3712543 3712556
76363 76413
4221149 4221157
1804223 1804255
3998631 3998642
2049748 2049778
2387221 2387248
1441353 1441389
3303901 3303918
4771525 4771528
4142736 4142745
922538 922579
2305093 2305120
4527073 4527078
3769361 3769374
3114178 3114197
4708436 4708439
2057393 2057423
152782 152831
1945716 1945747
1905963 1905994
3582513 3582528
945100 945141
2604012 2604036
2622279 2622303
2694027 2694051
2586768 2586793
2691517 2691541
4054505 4054515
81462 81512
4625136 4625140
4851987 4851989
40943 40993
802430 802472
2090764 2090794
3089246 3089266
818474 818516
2141663 2141692
329952 329999
536173 536218
1883186 1883218
131178 131227
2014955 2014985
3533171 3533186
1220105 1220143
3404466 3404482
4511261 4511266
3216068 3216086
3613172 3613186
1313595 1313632
4621969 4621973
117934 117983
1005823 1005863
2762566 2762589
3389403 3389420
2784387 2784410
1908031 1908062
2147299 2147328
458266 458312
3339842 3339859
2716548 2716571
1949940 1949971
2403513 2403539
3649215 3649229
4336139 4336146
2664074 2664098
1312781 1312818
4565593 4565598
210731 210779
4583287 4583292
3667521 3667535
258831 258879
1754748 1754781
1290751 1290789
1189492 1189531
3919635 3919646
342038 342085
1539464 1539499
3519173 3519188
928553 928594
4403665 4403671
2215861 2215889
71121 71171
2526874 2526899
4359836 4359843
4499079 4499085
1132148 1132187
4066923 4066933
1510535 1510570
4245686 4245694
2817634 2817656
528655 528700
3731126 3731139
2705291 2705314
1630865 1630899
3060712 3060732
2360441 2360468
1326821 1326858
454077 454123
1276943 1276981
4939894 4939895
2210803 2210831
975500 975541
1769041 1769074
4656719 4656723
1352560 1352597
3199319 3199338
1685666 1685700
12408 12458
257223 257271
2472944 2472970
937027 937068
2447062 2447088
2074184 2074214
961200 961241
2821971 2821993
2661073 2661097
2365917 2365944
4515400 4515405
1230840 1230878
2756938 2756961
1932876 1932907
862129 862171
1053457 1053497
596028 596073
3868442 3868454
1771290 1771323
2331409 2331436
308478 308525
3893543 3893555
1448201 1448237
2074603 2074633
3534094 3534109
3171325 3171344
1067299 1067339
577925 577970
1718793 1718826
3415802 3415818
4231523 4231531
570764 570809
2092192 2092222
1097688 1097728
764757 764800
4546668 4546673
1112813 1112852
4369104 4369111
2064508 2064538
1275037 1275075
2016409 2016439
2205006 2205034
596633 596678
1448955 1448991
4119165 4119174
2913748 2913769
2787107 2787130
4907994 4907995
482229 482275
4247544 4247552
3377701 3377718
3581178 3581193
3702407 3702420
3325117 3325134
102328 102377
1068335 1068375
653036 653080
1682259 1682293
1541510 1541545
4953458 4953459
524696 524741
4913480 4913481
74988 75038
1292887 1292925
2256845 2256873
4389900 4389907
1738607 1738640
650319 650363
3535209 3535224
1459495 1459531
1076717 1076757
1989364 1989395
3290623 3290641
3130169 3130188
4508016 4508021
3189567 3189586
2866227 2866249
2777950 2777973
2554846 2554871
3785164 3785177
1709674 1709707
2413272 2413298
3778274 3778287
2540903 2540928
1256780 1256818
3391294 3391311
2002908 2002938
4698877 4698881
3814236 3814248
3937883 3937894
1801821 1801853
2392358 2392385
2975976 2975997
722883 722926
3228994 3229012
1626210 1626244
1299883 1299921
543896 543941
3363659 3363676
2413448 2413474
4164745 4164754
545565 545610
2120106 2120135
1353959 1353996
943010 943051
3340219 3340236
515630 515675
2283123 2283151
1507182 1507217
2174282 2174311
3452662 3452678
1945256 1945287
755658 755701
4271093 4271101
3390544 3390561
4351528 4351535
4369856 4369863
2840173 2840195
2401830 2401856
396458 396505
3713200 3713213
4467430 4467436
2911515 2911536
1620767 1620801
1008915 1008955
2568997 2569022
3703258 3703271
2231060 2231088
2641633 2641657
4904649 4904650
3985800 3985811
3766433 3766446
3328769 3328786
3506830 3506845
672799 672843
4044710 4044720
205020 205068
1403955 1403991
419360 419406
1111484 1111523
4645217 4645221
3866481 3866493
591670 591715
162454 162503
925032 925073
4484064 4484070
1515258 1515293
1718273 1718306
3304420 3304437
239564 239612
3702951 3702964
3768523 3768536
2023578 2023608
875989 876031
1635968 1636002
3227156 3227174
3435847 3435863
751797 751840
4910531 4910532
1550977 1551012
3777102 3777115
4369042 4369049
1855970 1856002
4767238 4767241
2629951 2629975
1483943 1483979
3566717 3566732
4470900 4470906
3886374 3886386
1033719 1033759
3080859 3080879
1845564 1845596
696082 696126
4934260 4934261
4920470 4920471
3257656 3257674
833261 833303
3304389 3304406
935645 935686
1720120 1720153
4639856 4639860
2891675 2891697
1799637 1799670
3163717 3163736
1850770 1850802
3202888 3202906
2693706 2693730
290904 290952
1002946 1002986
2873307 2873329
3627154 3627168
1806341 1806373
3400538 3400554
3647848 3647862
2522993 2523018
3927576 3927587
444597 444643
4268031 4268039
4141055 4141064
1245970 1246008
1572242 1572277
2918616 2918637
3867726 3867738
4293770 4293778
334227 334274
1151078 1151117
1806290 1806322
2055526 2055556
1431948 1431984
3511668 3511683
453614 453660
4833103 4833105
3634868 3634882
3866315 3866327
3180154 3180173
980045 980086
3747797 3747810
4127212 4127221
1159425 1159464
3547854 3547869
4187024 4187033
847306 847348
1348710 1348747
2224208 2224236
3581974 3581989
2015551 2015581
3228834 3228852
4655385 4655389
2071151 2071181
2190552 2190581
2515883 2515908
2169724 2169753
187576 187625
4461267 4461273
1781216 1781249
2084899 2084929
2249884 2249912
235041 235089
2534495 2534520
2619395 2619419
3424339 3424355
1487812 1487848
2061985 2062015
3496485 3496501
4727100 4727103
4593906 4593911
4465691 4465697
3810525 3810537
4171429 4171438
810636 810678
4884952 4884954
1517887 1517922
4173008 4173017
4457644 4457650
3182227 3182246
4778632 4778635
4353463 4353470
521039 521084
2264829 2264857
1994819 1994850
2686370 2686394
439285 439331
2694064 2694088
4452989 4452995
4057572 4057582
3252014 3252032
2966424 2966445
1074377 1074417
2542110 2542135
4506665 4506670
3992392 3992403
4957588 4957589
1110514 1110553
3116016 3116035
955665 955706
4210354 4210362
4160417 4160426
4581335 4581340
4898308 4898310
1686743 1686777
4948032 4948033
1442314 1442350
4341544 4341551
4687302 4687306
2325718 2325745
1929778 1929809
300503 300550
2020377 2020407
2810839 2810861
1168006 1168045
2463327 2463353
83321 83371
3332377 3332394
1170055 1170094
3631056 3631070
3282316 3282334
1484060 1484096
2034909 2034939
1993798 1993829
1179522 1179561
2912013 2912034
3163543 3163562
2055337 2055367
1745504 1745537
4329528 4329535
1711775 1711808
3395131 3395148
3738325 3738338
763414 763457
3919094 3919105
1057409 1057449
1345239 1345276
310014 310061
3504487 3504502
3021915 3021935
3504802 3504817
1998370 1998401
1491806 1491842
2983142 2983163
2742592 2742615
1341265 1341302
4263337 4263345
2448681 2448707
293393 293441
3265005 3265023
1010689 1010729
93980 94030
3383949 3383966
875692 875734
1382856 1382893
4216225 4216233
412444 412490
2508249 2508274
64387 64437
4595044 4595049
1996082 1996113
1323093 1323130
3994620 3994631
3569143 3569158
1847451 1847483
2521213 2521238
3429499 3429515
4013979 4013989
943137 943178
2571883 2571908
1666683 1666717
4384810 4384817
442431 442477
3126384 3126403
2421880 2421906
1420670 1420706
4448689 4448695
1222706 1222744
1365317 1365354
2766931 2766954
1408324 1408360
3907468 3907479
4671048 4671052
3983550 3983561
915199 915240
2843377 2843399
1914540 1914571
196232 196281
1523971 1524006
220173 220221
4535391 4535396
551578 551623
2586257 2586282
4482862 4482868
4497640 4497646
4418198 4418204
3520753 3520768
984936 984977
3146554 3146573
250790 250838
7720 7770
3155949 3155968
3015259 3015279
3628552 3628566
2567329 2567354
2453518 2453544
2565483 2565508
4157410 4157419
1496459 1496495
4812742 4812744
2945030 2945051
1442911 1442947
1453044 1453080
240332 240380
3853995 3854007
2346628 2346655
3443459 3443475
4300399 4300406
1151995 1152034
2921098 2921119
1405456 1405492
4641626 4641630
4800535 4800537
967203 967244
3664676 3664690
2750350 2750373
3420297 3420313
4967477 4967478
3713405 3713418
1613849 1613883
2254464 2254492
4666859 4666863
2696540 2696564
1020741 1020781
4231256 4231264
1958724 1958755
2617851 2617875
599303 599348
3453509 3453525
2310737 2310764
1594557 1594592
1389912 1389949
3853594 3853606
4267375 4267383
3850096 3850108
2733916 2733939
4029592 4029602
4658267 4658271
1543904 1543939
3739952 3739965
4533635 4533640
4071280 4071290
224408 224456
3208732 3208750
1284146 1284184
4943667 4943668
3386815 3386832
948253 948294
3913225 3913236
3716467 3716480
4632931 4632935
3381044 3381061
4374623 4374630
2893045 2893067
3643946 3643960
1666745 1666779
2294621 2294649
1545721 1545756
1819415 1819447
2011845 2011875
4240317 4240325
2010068 2010098
944215 944256
1548481 1548516
3345977 3345994
4081330 4081340
2630635 2630659
3815570 3815582
3325880 3325897
963346 963387
1127808 1127847
3072563 3072583
572995 573040
1292329 1292367
516306 516351
4302928 4302935
613329 613373
1719701 1719734
2372202 2372229
1269794 1269832
1858033 1858065
2426128 2426154
681331 681375
2407354 2407380
4536763 4536768
2242645 2242673
1593434 1593469
