101705 1091535 26 19145
1700446 2530402 26 16104
7604881 7844393 26 4677
8027630 8224867 26 3785
2446321 3201689 26 14705
1513289 2361961 26 16504
1982543 2784289 26 15459
4446496 5001847 26 10631
623395 1561056 26 18247
2401396 3161257 26 14771
8780022 8902020 26 2364
8159073 8343166 26 3574
1749050 2574145 26 16041
6258992 6633093 26 7307
2692755 3423480 26 14357
6559743 6903769 26 6582
9427790 9485011 26 1090
9847046 9862342 26 329
6422977 6780680 26 6977
6673468 7006122 26 6413
2505938 3255345 26 14688
7558834 7802951 26 4802
936000 1842400 26 17560
4262560 4836304 26 10919
9268034 9341231 26 1406
8746792 8872113 26 2399
9584875 9626388 26 808
8538329 8684497 26 2820
7101682 7391514 26 5547
1225045 2102541 26 17029
8076596 8268937 26 3691
2811176 3530059 26 14070
8285289 8456761 26 3237
4564307 5107877 26 10552
3788801 4409921 26 11974
8648747 8783873 26 2573
1724851 2552366 26 16092
3422163 4079947 26 12729
7600007 7840007 26 4676
7856962 8071266 26 4099
4423986 4981588 26 10635
1101391 1991252 26 17243
8519723 8667751 26 2857
7079259 7371334 26 5594
4624258 5161833 26 10491
8866308 8979678 26 2212
6468909 6822019 26 6869
8177825 8360043 26 3529
4315709 4884139 26 10860
4977014 5479313 26 9938
9688690 9719821 26 624
9182156 9263941 26 1606
9740075 9766068 26 452
6009698 6408729 26 7739
8515190 8663671 26 2851
7989209 8190289 26 3846
7025953 7323358 26 5784
181928 1163736 26 18973
2254939 3029446 26 14988
1513783 2362405 26 16501
2831363 3548227 26 14024
2928659 3635794 26 13761
5544306 5989876 26 8712
7344953 7610458 26 5245
5302363 5772127 26 9242
3726306 4353676 26 12063
2747066 3472360 26 14181
6446037 6801434 26 6941
6179217 6561296 26 7482
1910489 2719441 26 15595
2459693 3213724 26 14689
3497784 4148006 26 12550
3889343 4500409 26 11691
3920926 4528834 26 11618
4173030 4755727 26 11056
2125241 2912717 26 15191
7461357 7715222 26 5057
885030 1796527 26 17683
8505555 8655000 26 2888
9145619 9231058 26 1650
580251 1522226 26 18299
8927205 9034485 26 2063
7049238 7344315 26 5658
3609244 4248320 26 12361
7083092 7374783 26 5585
447357 1402622 26 18527
7047939 7343146 26 5678
5929094 6336185 26 7920
8760388 8884350 26 2367
2047317 2842586 26 15400
6765135 7088622 26 6333
8490194 8641175 26 2889
4214957 4793462 26 10939
610617 1549556 26 18261
5049367 5544431 26 9753
8030594 8227535 26 3786
5688552 6119697 26 8320
3725020 4352518 26 12070
8112459 8301214 26 3662
9142817 9228536 26 1670
2335260 3101734 26 14866
3106884 3796196 26 13411
330300 1297270 26 18704
7324241 7591817 26 5233
6763714 7087343 26 6329
1271938 2144745 26 16937
1379837 2241854 26 16736
9221737 9299564 26 1510
1662439 2496196 26 16181
9645120 9680608 26 631
6497091 6847382 26 6786
9528103 9575293 26 866
7655917 7890326 26 4550
4866090 5379481 26 10101
836572 1752915 26 17774
7604889 7844401 26 4677
6794514 7115063 26 6278
1638654 2474789 26 16216
1719640 2547676 26 16086
5039695 5535726 26 9785
885115 1796604 26 17685
7956536 8160883 26 3904
2723046 3450742 26 14272
1543439 2389096 26 16433
7281944 7553750 26 5303
1826712 2644041 26 15794
7981129 8183017 26 3869
4215444 4793900 26 10936
4538868 5084982 26 10613
4444204 4999784 26 10633
8646541 8781887 26 2580
8286627 8457965 26 3233
8612106 8750896 26 2704
5810280 6229252 26 8165
5572856 6015571 26 8616
8697014 8827313 26 2548
7632703 7869433 26 4603
6576370 6918733 26 6544
4699356 5229421 26 10453
2425212 3182691 26 14762
9422606 9480346 26 1096
2278353 3050518 26 14959
3379269 4041343 26 12836
9883949 9895555 26 236
7407962 7667166 26 5105
9996553 9996898 31 5
6960550 7264495 26 5863
8036614 8232953 26 3771
7644623 7880161 26 4604
1521402 2369262 26 16501
127939 1115146 26 19044
3990132 4591119 26 11438
3619637 4257674 26 12325
6367785 6731007 26 7003
8528754 8675879 26 2836
7374860 7637374 26 5197
8629312 8766381 26 2620
1042924 1938632 26 17349
3114058 3802653 26 13393
821858 1739673 26 17800
2161321 2945189 26 15129
121034 1108931 26 19076
3909771 4518794 26 11653
3049950 3744955 26 13522
2260427 3034385 26 14970
6509263 6858337 26 6715
3687713 4318942 26 12179
2490036 3241033 26 14719
7088655 7379790 26 5568
942742 1848468 26 17542
4490146 5041132 26 10626
1348774 2213897 26 16816
8048630 8243767 26 3744
5147692 5632923 26 9546
2019806 2817826 26 15409
6858690 7172821 26 6152
6355879 6720292 26 7053
1778501 2600651 26 15933
9892632 9903369 26 203
3938208 4544388 26 11555
8911473 9020326 26 2090
710740 1639666 26 18048
5211810 5690629 26 9438
711014 1639913 26 18047
6218784 6596906 26 7401
8460927 8614835 26 2912
5171013 5653912 26 9509
163859 1147474 26 19015
9109999 9199000 26 1686
2861574 3575417 26 13946
5268939 5742046 26 9299
4440517 4996466 26 10633
2477647 3229883 26 14728
6811590 7130431 26 6223
9849453 9864508 26 311
2249506 3024556 26 14991
203215 1182894 26 18945
642292 1578063 26 18206
6757698 7081929 26 6347
3337903 4004113 26 12888
6585182 6926664 26 6514
2370779 3133702 26 14811
2781781 3503603 26 14152
6121371 6509234 26 7602
8345551 8510996 26 3090
6427673 6784906 26 6978
9649664 9684698 26 621
6191917 6572726 26 7465
1077754 1969979 26 17315
4640865 5176779 26 10482
4738735 5264862 26 10389
7901039 8110936 26 4007
3954039 4558636 26 11504
5876474 6288827 26 8041
1377234 2239511 26 16737
1153223 2037901 26 17129
9028159 9125344 26 1877
9151133 9236020 26 1646
2250970 3025873 26 14991
4485928 5037336 26 10629
5992547 6393293 26 7808
4775141 5297627 26 10318
2554634 3299171 26 14526
7789676 8010709 26 4239
2631330 3368197 26 14441
5377929 5840137 26 9032
768952 1692057 26 17948
7270890 7543801 26 5339
9188463 9269617 26 1580
5774805 6197325 26 8208
1216219 2094598 26 17073
8189637 8370674 26 3528
2011180 2810062 26 15429
551839 1496656 26 18343
1337302 2203572 26 16843
5834199 6250780 26 8132
5252824 5727542 26 9346
5540986 5986888 26 8712
7591061 7831955 26 4705
3103001 3792701 26 13394
2454892 3209403 26 14698
3179974 3861977 26 13243
2488766 3239890 26 14719
293430 1264087 26 18778
8957487 9061739 26 2011
919628 1827666 26 17580
8567280 8710552 26 2736
7360408 7624368 26 5238
3545933 4191340 26 12504
5409398 5868459 26 8988
5655678 6090111 26 8418
6388862 6749976 26 7001
7989333 8190400 26 3844
5881722 6293550 26 8036
7148436 7433593 26 5450
1667153 2500438 26 16154
6017623 6415861 26 7757
4989151 5490236 26 9960
6906836 7216153 26 6030
2522957 3270662 26 14635
7140434 7426391 26 5475
8415076 8573569 26 2973
178539 1160686 26 18991
5258438 5732595 26 9316
8733673 8860306 26 2424
4248141 4823327 26 10914
6040237 6436214 26 7648
6250917 6625826 26 7330
6907037 7216334 26 6035
2158987 2943089 26 15142
6450737 6805664 26 6943
537033 1483330 26 18390
2504582 3254124 26 14689
2702185 3431967 26 14336
2414695 3173226 26 14769
1189895 2070906 26 17040
7663068 7896762 26 4560
3148990 3834091 26 13319
287738 1258965 26 18784
3877711 4489940 26 11684
6100184 6490166 26 7591
9793133 9813820 26 373
4221164 4799048 26 10919
6284518 6656067 26 7229
2146615 2931954 26 15176
9849759 9864784 26 312
2479365 3231429 26 14717
9999012 9999111 675 2
1458884 2312996 26 16581
49653 1044688 26 19254
9451221 9506099 26 1061
8126565 8313909 26 3619
2676736 3409063 26 14376
698211 1628390 26 18057
2739916 3465925 26 14213
8322908 8490618 26 3174
8535145 8681631 26 2832
553275 1497948 26 18339
1873397 2686058 26 15694
835352 1751817 26 17786
1662785 2496507 26 16179
7380233 7642210 26 5184
6342460 6708214 26 7091
5333699 5800330 26 9245
8712261 8841035 26 2526
3492174 4142957 26 12594
7446831 7702148 26 5063
5105012 5594511 26 9647
717330 1645597 26 18045
1299281 2169353 26 16938
1331296 2198167 26 16857
7021870 7319683 26 5800
8060509 8254459 26 3718
5250983 5725885 26 9350
1611787 2450609 26 16302
4198956 4779061 26 10971
2045098 2840589 26 15406
7515548 7763994 26 4923
1104505 1994055 26 17251
4243561 4819205 26 10902
7407614 7666853 26 5112
7851685 8066517 26 4113
1097711 1987940 26 17248
4569395 5112456 26 10551
5210470 5689423 26 9446
2719639 3447676 26 14287
3603249 4242925 26 12400
8250911 8425820 26 3320
4095084 4685576 26 11174
5045763 5541187 26 9779
2893674 3604307 26 13865
8817119 8935408 26 2281
9958224 9962402 26 79
7274472 7547025 26 5334
1297165 2167449 26 16939
8606094 8745485 26 2709
4448023 5003221 26 10640
6401235 6761112 26 6998
5409148 5868234 26 8986
7807588 8026830 26 4197
3041275 3737148 26 13513
7725269 7952743 26 4393
7007013 7306312 26 5840
6579107 6921197 26 6542
8099943 8289949 26 3673
982817 1884536 26 17486
4819285 5337357 26 10191
8340690 8506621 26 3105
2476692 3229023 26 14741
8049437 8244494 26 3738
3341009 4006909 26 12884
9521587 9569429 26 879
6647609 6982849 26 6470
8311966 8480770 26 3193
1570397 2413358 26 16385
2979155 3681240 26 13646
3082409 3774169 26 13403
4056760 4651084 26 11309
3106713 3796042 26 13405
202261 1182035 26 18948
7512683 7761415 26 4916
9605091 9644582 26 776
625 1000563 26 19330
5775221 6197699 26 8203
9930783 9937705 26 116
7227555 7504800 26 5390
5261023 5734921 26 9306
1927625 2734863 26 15592
2182821 2964539 26 15104
2034634 2831171 26 15391
3506738 4156065 26 12536
6056775 6451098 26 7605
6096646 6486982 26 7592
7636388 7872750 26 4599
1852005 2666805 26 15736
7624514 7862063 26 4631
2573537 3316184 26 14498
5849698 6264729 26 8120
4000302 4600272 26 11430
4071393 4664254 26 11274
8785896 8907307 26 2376
1614873 2453386 26 16300
9030678 9127611 26 1876
2249048 3024144 26 14995
1129141 2016227 26 17205
2125000 2912500 26 15193
6194511 6575060 26 7467
8463927 8617535 26 2905
2594613 3335152 26 14481
8229837 8406854 26 3394
9438436 9494593 26 1081
8284682 8456214 26 3246
1804028 2623626 26 15870
8611250 8750125 26 2713
3284067 3955661 26 13015
1460382 2314344 26 16566
801038 1720935 26 17868
9706083 9735475 26 576
2066673 2860006 26 15323
258467 1232621 26 18844
8848108 8963298 26 2251
4457228 5011506 26 10627
820288 1738260 26 17806
5531600 5978440 26 8750
5682223 6114001 26 8334
8413304 8571974 26 2991
6292983 6663685 26 7217
1418794 2276915 26 16658
917004 1825304 26 17581
9730769 9757693 26 475
7968792 8171913 26 3886
9034436 9130993 26 1875
3636969 4273273 26 12280
6197137 6577424 26 7457
2345271 3110744 26 14846
1964799 2768320 26 15487
8853451 8968106 26 2258
1927353 2734618 26 15596
2134527 2921075 26 15178
7508432 7757589 26 4920
3088583 3779725 26 13414
3895686 4506118 26 11686
1555577 2400020 26 16430
1789816 2610835 26 15873
8071061 8263955 26 3687
7859145 8073231 26 4098
9930527 9937475 26 121
3161772 3845595 26 13278
4849427 5364485 26 10153
9449665 9504699 26 1064
6516945 6865251 26 6661
902411 1812170 26 17623
4317824 4886042 26 10858
4830900 5347810 26 10170
3754069 4378663 26 11995
1240691 2116622 26 17018
5396580 5856922 26 8988
4584116 5125705 26 10554
4573383 5116045 26 10559
5313194 5781875 26 9246
3804844 4424360 26 11891
5739137 6165224 26 8268
8573060 8715754 26 2743
305424 1274882 26 18777
2219943 2997949 26 15013
3178456 3860611 26 13256
1437087 2293379 26 16626
135063 1121557 26 19043
3003346 3703012 26 13597
469615 1422654 26 18494
902609 1812349 26 17626
9010500 9109450 26 1916
32852 1029567 26 19249
5600445 6040401 26 8574
2572516 3315265 26 14483
3971801 4574621 26 11491
4756671 5281004 26 10342
4535660 5082094 26 10613
3499588 4149630 26 12535
8905499 9014950 26 2113
4031498 4628349 26 11369
3169791 3852812 26 13275
4480361 5032325 26 10628
8236364 8412728 26 3355
665985 1599387 26 18150
1339252 2205327 26 16850
831428 1748286 26 17805
7999315 8199384 26 3833
1979844 2781860 26 15453
7647127 7882415 26 4601
5705601 6135041 26 8287
862280 1776052 26 17755
2794929 3515437 26 14092
346045 1311441 26 18681
8288292 8459463 26 3218
1528880 2375992 26 16480
5030107 5527097 26 9816
5728856 6155971 26 8264
3470045 4123041 26 12644
2907259 3616534 26 13853
2584200 3325780 26 14495
61061 1054955 26 19219
5491972 5942775 26 8762
8611020 8749918 26 2716
2211101 2989991 26 15032
3722544 4350290 26 12090
725987 1653389 26 17988
7208185 7487367 26 5381
5902186 6311968 26 8017
8474545 8627091 26 2908
6815786 7134208 26 6212
6249276 6624349 26 7342
9424117 9481706 26 1087
9175015 9257514 26 1617
7862842 8076558 26 4100
1461922 2315730 26 16564
5260074 5734067 26 9308
9952365 9957129 26 90
2029879 2826892 26 15398
9261773 9335596 26 1414
6975876 7278289 26 5874
4422728 4980456 26 10634
9611906 9650716 26 772
4023608 4621248 26 11382
1220900 2098810 26 17060
4057835 4652052 26 11310
1558152 2402337 26 16431
5557335 6001602 26 8688
2862416 3576175 26 13934
5829366 6246430 26 8129
1160307 2044277 26 17085
3149268 3834342 26 13318
2333357 3100022 26 14871
2729334 3456401 26 14250
1860950 2674855 26 15719
9133813 9220432 26 1678
2064020 2857618 26 15317
7403176 7662859 26 5144
8296470 8466823 26 3219
6904951 7214456 26 6035
6043715 6439344 26 7620
2376019 3138418 26 14809
6208326 6587494 26 7443
6871790 7184611 26 6124
174937 1157444 26 19010
9197100 9277390 26 1579
4232797 4809518 26 10930
5861174 6275057 26 8103
1995882 2796294 26 15480
6427816 6785035 26 6979
2715521 3443969 26 14299
1534871 2381384 26 16464
6536100 6882490 26 6625
5473858 5926473 26 8856
7117833 7406050 26 5522
8693218 8823897 26 2526
5858570 6272713 26 8109
8789097 8910188 26 2360
9252940 9327646 26 1418
1380878 2242791 26 16737
8454273 8608846 26 2919
1175791 2058212 26 17042
9726717 9754046 26 486
5412514 5871263 26 8997
4555092 5099583 26 10574
7987019 8188318 26 3852
4371755 4934580 26 10756
5233203 5709883 26 9400
2226039 3003436 26 15011
5682069 6113863 26 8338
5822503 6240253 26 8135
5000053 5500048 26 9926
9346139 9411526 26 1261
8457029 8611327 26 2923
1989930 2790937 26 15455
5348479 5813632 26 9154
4376405 4938765 26 10750
5422821 5880539 26 8986
4762706 5286436 26 10334
3380751 4042676 26 12836
6619954 6957959 26 6521
2864474 3578027 26 13925
8510188 8659170 26 2876
7497850 7748065 26 4935
2340539 3106486 26 14866
2434780 3191302 26 14739
9807241 9826517 26 382
3920249 4528225 26 11625
1065094 1958585 26 17299
9851250 9866125 26 312
387129 1348417 26 18614
916414 1824773 26 17576
5212222 5691000 26 9434
5754556 6179101 26 8254
5241737 5717564 26 9363
2222181 2999963 26 15014
1985293 2786764 26 15450
7465139 7718626 26 5042
5290635 5761572 26 9281
4623804 5161424 26 10490
4525103 5072593 26 10613
1082840 1974556 26 17285
901055 1810950 26 17635
2938791 3644912 26 13735
1357621 2221859 26 16796
5863196 6276877 26 8096
1497192 2347473 26 16527
4947594 5452835 26 10009
8544764 8690288 26 2791
6012333 6411100 26 7743
3508338 4157505 26 12541
9091249 9182125 26 1754
7392969 7653673 26 5193
219437 1197494 26 18909
6638798 6974919 26 6493
5043710 5539339 26 9773
4314262 4882836 26 10867
7785239 8006716 26 4262
1521101 2368991 26 16499
2735508 3461958 26 14235
6927418 7234677 26 5981
7847110 8062399 26 4134
2488423 3239581 26 14717
4101104 4690994 26 11173
2916379 3624742 26 13823
4907935 5417142 26 10035
2059920 2853928 26 15360
9266982 9340284 26 1398
9897863 9908077 26 202
9149113 9234202 26 1645
3995513 4595962 26 11428
5899499 6309550 26 8023
2583759 3325384 26 14494
1507108 2356398 26 16502
4377820 4940038 26 10743
5606725 6046053 26 8570
2986309 3687679 26 13640
5592725 6033453 26 8608
5495155 5945640 26 8756
8520544 8668490 26 2857
5080798 5572719 26 9669
9288553 9359698 26 1359
4503688 5053320 26 10626
22961 1020665 26 19286
665121 1598609 26 18156
875528 1787976 26 17727
2074397 2866958 26 15336
4699693 5229724 26 10449
3629122 4266210 26 12313
7758971 7983074 26 4337
1522801 2370521 26 16497
6595176 6935659 26 6506
1556877 2401190 26 16433
7854349 8068915 26 4099
3483482 4135134 26 12626
6002824 6402542 26 7766
9818286 9836458 26 379
3821451 4439306 26 11843
8847862 8963076 26 2250
8933392 9040053 26 2041
5473372 5926035 26 8855
1580266 2422240 26 16376
3169068 3852162 26 13283
3823715 4441344 26 11835
5923148 6330834 26 7948
8464639 8618176 26 2911
8537042 8683338 26 2832
3286502 3957852 26 12997
4575565 5118009 26 10540
9215480 9293932 26 1534
3691455 4322310 26 12168
3336112 4002501 26 12887
1857921 2672129 26 15726
6558488 6902640 26 6584
4619928 5157936 26 10496
2843941 3559547 26 13980
5345678 5811111 26 9153
5606167 6045551 26 8575
2383160 3144844 26 14817
450213 1405192 26 18509
6478919 6831028 26 6861
598327 1538495 26 18261
8622087 8759879 26 2638
9189098 9270189 26 1581
2562384 3306146 26 14494
5707948 6137154 26 8277
3948211 4553390 26 11518
7133334 7420001 26 5508
6242912 6618621 26 7357
6874701 7187231 26 6104
9893469 9904123 26 199
99116 1089205 26 19151
9595779 9636202 26 795
1396571 2256914 26 16679
3911893 4520704 26 11647
1101720 1991548 26 17242
241571 1217414 26 18856
6551429 6896287 26 6598
8795896 8916307 26 2351
7360119 7624108 26 5235
8046150 8241535 26 3755
1246685 2122017 26 17000
5278540 5750686 26 9289
3976631 4578968 26 11479
5086817 5578136 26 9685
510204 1459184 26 18433
9319403 9387463 26 1318
7971345 8174211 26 3883
8098000 8288200 26 3669
3458951 4113056 26 12643
4827216 5344495 26 10192
2927603 3634843 26 13756
2449704 3204734 26 14716
3272377 3945140 26 13011
4229378 4806441 26 10924
9549145 9594231 26 843
2537015 3283314 26 14571
6257659 6631894 26 7309
4319518 4887567 26 10864
5749868 6174882 26 8260
1402787 1488760 26 1652
9679466 9682672 26 60
4712224 4765102 26 1002
7514987 7539838 26 544
2195452 2273498 26 1483
3575918 3640159 26 1237
6761240 6793628 26 619
4290344 4347441 26 1091
8800540 8812535 26 222
6837833 6869455 26 584
7258075 7285495 26 534
8375390 8391637 26 312
9041737 9051320 26 182
9635778 9639421 26 75
7386710 7412843 26 538
9613167 9617036 26 75
1699611 1782615 26 1611
9921058 9921848 47 13
6309952 6346853 26 675
6489741 6524844 26 767
9137766 9146389 26 186
1864014 1945374 26 1574
5626861 5670593 26 910
3655089 3718539 26 1212
5203399 5251366 26 930
5348357 5394874 26 940
2484577 2559732 26 1519
7082051 7111231 26 577
6115259 6154107 26 761
9963881 9964243 26 8
8284536 8301691 26 347
4628487 4682203 26 989
3957380 4017807 26 1162
3028628 3098342 26 1386
4038624 4098238 26 1160
756436 848872 26 1831
446777 542310 26 1799
7851206 7872694 26 407
9997926 9997947 737 1
3934457 3995113 26 1162
3519256 3584064 26 1237
929717 1020420 26 1759
2316201 2393039 26 1466
3965824 4026166 26 1172
9157204 9165632 26 164
145516 244061 26 1910
8539800 8554402 26 296
8548346 8562863 26 267
2934821 3005473 26 1356
332003 428683 26 1842
8644383 8657940 26 241
3370415 3436711 26 1334
7950594 7971089 26 397
1832844 1914516 26 1622
7940315 7960912 26 389
2831225 2902913 26 1397
4652064 4705544 26 968
8032827 8052499 26 396
7001704 7031687 26 606
7932275 7952953 26 388
5260536 5307931 26 888
6698706 6731719 26 633
2787243 2859371 26 1436
4126455 4185191 26 1147
2776686 2848920 26 1465
9257416 9264842 26 134
7405090 7431040 26 483
814247 906105 26 1814
3872426 3933702 26 1173
1455179 1540628 26 1624
8314948 8331799 26 326
8920315 8931112 26 217
1810932 1892823 26 1674
1176824 1265056 26 1698
6406940 6442871 26 663
2846377 2917914 26 1379
6901983 6932964 26 619
6782668 6814842 26 619
4577884 4632106 26 1027
7713019 7735889 26 455
5174740 5222993 26 943
4132965 4191636 26 1145
643562 737127 26 1825
5163899 5212261 26 952
603131 697100 26 1830
884501 975656 26 1804
3755310 3817757 26 1242
3721727 3784510 26 1248
3232562 3300237 26 1304
9447980 9453501 26 108
7670230 7693528 26 440
3872759 3934032 26 1170
1477795 1563018 26 1610
7105899 7134841 26 545
6305662 6342606 26 704
5020312 5070109 26 1040
3742499 3805075 26 1241
5959553 5999958 26 777
923188 1013957 26 1752
8387783 8403906 26 303
2253810 2331272 26 1522
1519652 1604456 26 1630
4150421 4208917 26 1185
2343699 2420263 26 1453
7850370 7871867 26 399
6238307 6275924 26 768
7870922 7892213 26 427
4754473 4806929 26 977
2805939 2877880 26 1426
7674688 7697942 26 447
5018799 5068612 26 1023
4492084 4547164 26 1049
6039858 6079460 26 792
310012 406912 26 1857
8615975 8629816 26 290
6729469 6762175 26 659
6055167 6094616 26 746
3902695 3963669 26 1205
677419 770645 26 1802
1070658 1159952 26 1783
2809317 2881224 26 1433
1295506 1382551 26 1672
3179966 3248167 26 1351
7977965 7998186 26 387
1843506 1925071 26 1603
1326594 1413329 26 1674
1208910 1296821 26 1716
2991404 3061490 26 1407
915727 1006570 26 1782
1973733 2053996 26 1543
9311378 9318265 26 115
7941721 7962304 26 396
8806753 8818686 26 231
8111203 8130091 26 343
784357 876514 26 1810
9653584 9657049 26 61
9136378 9145015 26 173
5353145 5399614 26 961
3826392 3888129 26 1163
5354124 5400583 26 956
1057201 1146629 26 1767
9338780 9345393 26 127
66700 166033 26 1944
1876955 1958186 26 1560
8718435 8731251 26 281
8167731 8186054 26 340
5575726 5619969 26 881
2594911 2668962 26 1387
9223058 9230828 26 153
478769 573982 26 1816
6068150 6107469 26 738
9944639 9945193 26 16
258542 355957 26 1889
6455375 6490822 26 723
7877513 7898738 26 402
8343408 8359974 26 308
7136570 7165205 26 571
5467215 5512543 26 923
358748 455161 26 1859
7104202 7133160 26 552
5456146 5501585 26 884
5616057 5659897 26 887
9517689 9522513 47 86
7478367 7503584 26 506
3303569 3370534 26 1246
4182131 4240310 26 1104
8245881 8263423 26 334
1965763 2046106 26 1531
6845877 6877419 26 585
6323336 6360103 26 719
7996663 8016697 26 408
2780223 2852421 26 1455
4111396 4170283 26 1097
9206436 9214372 26 152
597179 691208 26 1831
4500842 4555834 26 1042
5218266 5266084 26 934
7544616 7569170 26 470
6205030 6242980 26 752
1576161 1660400 26 1611
4514194 4569053 26 1040
3607555 3671480 26 1218
7973175 7993444 26 400
8463017 8478387 26 297
7365449 7391795 26 514
9686138 9689277 47 60
8748772 8761285 26 225
8843506 8855071 26 206
531008 625698 26 1758
1836215 1917853 26 1612
2825499 2897245 26 1400
5300283 5347281 26 885
3947776 4008299 26 1170
6575608 6609852 26 664
926605 1017339 26 1770
1078494 1167710 26 1778
3576229 3640467 26 1235
3026779 3096512 26 1395
8059446 8078852 26 365
4912335 4963212 26 985
8721194 8733983 26 276
3287691 3354815 26 1285
5393631 5439695 26 901
2074745 2153998 26 1613
6901214 6932202 26 619
8235812 8253454 26 330
5157522 5205947 26 965
9703557 9706522 26 73
930658 1021352 26 1758
8738532 8751147 26 239
407679 503603 26 1804
3696004 3759044 26 1256
8597918 8611939 26 265
6758969 6791380 26 633
3246179 3313718 26 1292
1799127 1881136 26 1622
6485686 6520830 26 755
8145500 8164045 26 363
870205 961503 26 1797
8852373 8863850 26 239
8260089 8277489 26 356
4441083 4496673 26 1004
9189930 9198031 26 156
2916413 2987249 26 1402
9043568 9053133 26 194
5141173 5189762 26 992
8399012 8415022 26 291
5793750 5835813 26 751
5110075 5158975 26 983
901742 992725 26 1808
8049644 8069148 26 381
5985857 6025999 26 791
9815135 9816984 26 32
4073982 4133243 26 1124
4163572 4221937 26 1163
6652140 6685619 26 630
9060364 9069761 26 188
6004982 6044933 26 817
8251213 8268701 26 352
9468183 9473502 26 101
3039712 3109315 26 1376
119440 218246 26 1931
8246431 8263967 26 342
5598077 5642097 26 870
4597254 4651282 26 1049
6845858 6877400 26 584
1101828 1190810 26 1760
1851772 1933255 26 1585
8031168 8050857 26 386
6337605 6374229 26 720
9905052 9906002 26 20
8126752 8145485 26 347
8184328 8202485 26 339
6488281 6523399 26 763
679093 772303 26 1803
6431173 6466862 26 729
767065 859395 26 1809
7463485 7488851 26 505
6714500 6747355 26 639
3605673 3669617 26 1230
8743619 8756183 26 234
5320281 5367079 26 965
6927990 6958711 26 647
4779044 4831254 26 1041
9362237 9368615 26 106
9047635 9057159 26 207
3849118 3910627 26 1142
5980597 6020792 26 769
1445141 1530690 26 1646
1160266 1248664 26 1679
3431723 3497406 26 1227
6706290 6739228 26 624
6560964 6595355 26 669
2877249 2948477 26 1437
4504967 4559918 26 1044
2711512 2784397 26 1385
1843004 1924574 26 1593
3259497 3326903 26 1284
3948975 4009486 26 1166
1215309 1303156 26 1703
2685765 2758908 26 1425
8908728 8919641 26 203
942314 1032891 26 1737
4255584 4313029 26 1089
1381555 1467740 26 1674
6132878 6171550 26 786
1349792 1436295 26 1699
9505071 9510021 26 93
3204262 3272220 26 1354
900112 991111 26 1819
6867085 6898415 26 617
6734320 6766977 26 640
375657 471901 26 1829
7102846 7131818 26 550
378147 474366 26 1833
3571438 3635724 26 1230
2222865 2300637 26 1501
6012174 6052053 26 808
5606156 5650095 26 882
8351911 8368392 26 319
1507307 1592234 26 1605
3080588 3149783 26 1370
4445822 4501364 26 1029
5009619 5059523 26 1014
6369177 6405486 26 667
9875949 9877190 47 20
6504877 6539829 26 727
4513381 4568248 26 1039
4723691 4776455 26 1001
6339926 6376527 26 709
2376046 2452286 26 1423
7787737 7809860 26 449
9900017 9901017 26 25
5678961 5722172 26 844
8967519 8977844 26 196
3169695 3237999 26 1366
6308739 6345652 26 682
5456216 5501654 26 883
4656017 4709457 26 979
2156819 2235251 26 1505
1779968 1862169 26 1590
5459909 5505310 26 898
5429225 5474933 26 885
2231677 2309361 26 1493
807578 899503 26 1790
5241913 5289494 26 905
91616 190700 26 1992
3898093 3959113 26 1214
4460553 4515948 26 1046
7960391 7980788 26 388
305472 402418 26 1883
3701561 3764546 26 1275
5191155 5239244 26 930
8884737 8895890 26 238
323679 420443 26 1832
5540215 5584813 26 905
154945 253396 26 1885
7971287 7991575 26 396
6338763 6375376 26 711
822547 914322 26 1797
4944190 4994749 26 991
472686 567960 26 1814
4797625 4849649 26 1057
5408006 5453926 26 935
2602551 2676526 26 1386
4464897 4520249 26 1062
1003405 1093371 26 1742
41028 140618 26 1936
3786348 3848485 26 1262
9942522 9943097 26 10
5789638 5831742 26 776
1850943 1932434 26 1596
324653 421407 26 1838
8598754 8612767 26 268
531826 626508 26 1756
3664153 3727512 26 1228
4230085 4287785 26 1072
5702186 5745165 26 809
8796101 8808140 26 247
1398704 1484717 26 1644
8002953 8022924 26 399
3476425 3541661 26 1282
1796329 1878366 26 1622
7836658 7858292 26 428
7499365 7524372 26 500
5217512 5265337 26 935
1522880 1607652 26 1626
4744122 4796681 26 975
8032963 8052634 26 393
6078188 6117407 26 719
7778021 7800241 26 456
6877588 6908813 26 614
8150440 8168936 26 359
2800301 2872298 26 1416
6858153 6889572 26 599
5302147 5349126 26 895
1633124 1716793 26 1641
7782926 7805097 26 449
8407417 8423343 26 272
8453136 8468605 26 309
5229114 5276823 26 919
3882723 3943896 26 1190
6357634 6394058 26 701
8431513 8447198 26 308
4598465 4652481 26 1039
3188512 3256627 26 1349
4098385 4157402 26 1067
1971512 2051797 26 1545
9596310 9600347 47 77
7359569 7385974 26 514
6167221 6205549 26 732
4842567 4894142 26 1025
4368726 4425039 26 1111
9990166 9990265 272 3
6220336 6258133 26 701
6892982 6924053 26 586
3277644 3344868 26 1295
8635338 8648985 26 269
2471389 2546676 26 1495
8069397 8088704 26 367
7904571 7925526 26 390
9439124 9444733 26 109
2911279 2982167 26 1410
9356442 9362878 26 132
4338956 4395567 26 1135
1780056 1862256 26 1590
1717223 1800051 26 1586
7557164 7581593 26 502
545445 639991 26 1771
5512338 5557215 26 834
2722816 2795588 26 1407
6503632 6538596 26 732
3925043 3985793 26 1170
2290244 2367342 26 1492
712209 805087 26 1816
1267131 1354460 26 1673
101233 200221 26 1961
830394 922091 26 1833
4410805 4466697 26 1004
329539 426244 26 1833
4871933 4923214 26 965
2369865 2446167 26 1456
3668948 3732259 26 1243
194503 292558 26 1838
8774037 8786297 26 237
4883172 4934341 26 985
8184978 8203129 26 341
2416225 2492063 26 1440
2305564 2382509 26 1505
2960061 3030461 26 1378
7328629 7355343 26 476
2414352 2490209 26 1429
5962657 6003031 26 769
1552922 1637393 26 1629
9999511 9999516 232 1
9278158 9285377 26 135
4162879 4221251 26 1166
7837131 7858760 26 421
537294 631922 26 1741
5045286 5094834 26 1012
6755597 6788042 26 634
620310 714107 26 1828
7903720 7924683 26 393
2236351 2313988 26 1503
7653579 7677044 26 418
9824375 9826132 26 36
6039784 6079387 26 790
5869893 5911195 26 785
9333550 9340215 26 115
7888552 7909667 26 413
2780672 2852866 26 1451
2073234 2152502 26 1598
3032433 3102109 26 1391
6954454 6984910 26 574
7405743 7431686 26 477
3282249 3349427 26 1290
5409609 5455513 26 941
3420005 3485805 26 1218
7470448 7495744 26 506
7476916 7502147 26 510
1293259 1380327 26 1673
5943115 5983684 26 806
9729441 9732147 26 66
9887294 9888422 47 23
8652208 8665686 26 245
6685083 6718233 26 622
1829627 1911331 26 1632
6335046 6371696 26 741
8435500 8451145 26 315
5946661 5987195 26 804
780912 873103 26 1810
8494277 8509335 26 270
7509110 7534019 26 520
5133842 5182504 26 985
5947709 5988232 26 801
6625235 6658983 26 637
2767571 2839896 26 1459
8581155 8595344 26 284
3892874 3953946 26 1226
2204046 2282006 26 1492
7813295 7835163 26 414
5103930 5152891 26 1001
3375115 3441364 26 1326
457211 552639 26 1807
4473446 4528712 26 1056
4533748 4588411 26 1048
8403283 8419251 26 284
1766101 1848440 26 1612
3802208 3864186 26 1208
6240531 6278126 26 759
5594160 5638219 26 879
1718089 1800909 26 1597
9736143 9738782 47 41
9373894 9380156 26 150
4189857 4247959 26 1088
3599231 3663239 26 1247
2570437 2644733 26 1339
692048 785128 26 1771
3394878 3460930 26 1295
4204739 4262692 26 1056
763422 855788 26 1812
7838177 7859796 26 425
651749 745232 26 1820
4144158 4202717 26 1155
6239880 6277482 26 758
2135912 2214553 26 1545
7961962 7982343 26 389
9461965 9467346 26 108
8408109 8424028 26 275
2679281 2752489 26 1431
5909398 5950305 26 836
1981476 2061662 26 1560
4638250 4691868 26 973
4860403 4911799 26 972
7752811 7775283 26 445
3651160 3714649 26 1207
2578861 2653073 26 1380
3580338 3644535 26 1243
7567269 7591597 26 479
240400 337996 26 1873
2914006 2984866 26 1409
5827816 5869538 26 807
6083436 6122602 26 717
5188693 5236807 26 935
3189361 3257468 26 1351
264002 361362 26 1881
9379562 9385767 26 120
4442168 4497747 26 1006
375312 471559 26 1832
6852544 6884019 26 594
6562568 6596943 26 667
2486039 2561179 26 1528
1564941 1649292 26 1610
1465556 1550901 26 1618
6708637 6741551 26 623
5865319 5906666 26 781
3870301 3931598 26 1161
1674653 1757907 26 1605
7740344 7762941 26 439
6397875 6433897 26 658
3558819 3623231 26 1217
1130738 1219431 26 1733
2955814 3026256 26 1373
7274494 7301750 26 539
3941774 4002357 26 1164
7414236 7440094 26 464
9856992 9858423 26 26
5218930 5266741 26 923
7048621 7078135 26 582
9044964 9054515 26 197
4457430 4512856 26 1043
3374279 3440537 26 1337
8390502 8406597 26 287
5653866 5697328 26 859
9403664 9409628 26 119
6507112 6542041 26 721
2531654 2606338 26 1408
3822623 3884397 26 1175
432564 528239 26 1826
8263928 8281289 26 353
3095516 3164561 26 1351
3921651 3982435 26 1174
7003056 7033026 26 598
4320998 4377789 26 1094
3728848 3791560 26 1254
5011193 5061082 26 1004
71323 170610 26 1950
3116522 3185357 26 1357
383089 479259 26 1814
5043540 5093105 26 1017
5844025 5885585 26 819
6612079 6645959 26 628
7713912 7736773 26 458
3909186 3970095 26 1217
2415665 2491509 26 1435
1453620 1539084 26 1627
9710229 9713127 47 49
7694450 7717506 26 472
3880243 3941441 26 1190
8630339 8644036 26 285
86407 185543 26 1987
3168335 3236652 26 1373
4122121 4180900 26 1142
384038 480198 26 1821
3891733 3952816 26 1222
5896809 5937841 26 800
8896338 8907375 26 251
5508796 5553709 26 837
3341554 3408139 26 1299
8348260 8364778 26 309
2754219 2826677 26 1415
1289886 1376988 26 1675
3205319 3273266 26 1357
872606 963880 26 1805
3960132 4020531 26 1164
1131819 1220501 26 1719
4544102 4598661 26 1042
4518163 4572982 26 1038
9113400 9122266 26 157
7255865 7283307 26 544
450518 546013 26 1777
5480369 5525566 26 900
268119 365438 26 1896
1046962 1136493 26 1742
4683897 4737059 26 1019
4660703 4714096 26 986
5892182 5933261 26 833
7863198 7884567 26 418
709278 802186 26 1817
9321185 9327974 26 137
1331450 1418136 26 1684
5248394 5295911 26 900
443376 538943 26 1810
7531240 7555928 26 493
5912834 5953706 26 822
6545206 6579754 26 677
7909348 7930255 26 385
8147745 8166268 26 351
1046847 1136379 26 1743
6732451 6765127 26 653
8500991 8515982 26 287
4756470 4808906 26 999
9868451 9869767 26 18
7385319 7411466 26 542
4401494 4457480 26 1047
7220955 7248746 26 553
3690429 3753525 26 1264
4744078 4796638 26 975
9239125 9246734 26 160
367517 463842 26 1833
577558 671783 26 1801
279108 376317 26 1884
5150934 5199425 26 961
8435892 8451534 26 311
8299206 8316214 26 295
5553615 5598079 26 907
9901717 9902700 26 28
7790734 7812827 26 436
9282054 9289234 26 124
2299204 2376212 26 1517
6166445 6204781 26 741
2917996 2988817 26 1397
486211 581349 26 1817
9029671 9039375 26 164
6748686 6781200 26 643
6072538 6111813 26 727
2192697 2270771 26 1465
6385303 6421450 26 672
2726949 2799680 26 1411
9997834 9997856 327 2
3411653 3477537 26 1219
5785416 5827562 26 791
1962829 2043201 26 1552
8084425 8103581 26 362
615553 709398 26 1823
5047266 5096794 26 1007
1550176 1634675 26 1624
4323538 4380303 26 1087
4882997 4934168 26 985
6630539 6664234 26 650
5123250 5172018 26 992
7359562 7385967 26 514
267096 364426 26 1889
2430371 2506068 26 1413
4722239 4775017 26 1012
307441 404367 26 1868
6901706 6932689 26 620
7707686 7730610 26 455
7247127 7274656 26 528
1760070 1842470 26 1628
849973 941474 26 1811
7439207 7464815 26 493
1088488 1177604 26 1762
8674730 8687983 26 244
765598 857943 26 1812
9832026 9833706 26 38
3832577 3894252 26 1132
8417927 8433748 26 277
7861006 7882396 26 414
3903092 3964062 26 1202
2258353 2335770 26 1504
2922909 2993680 26 1366
500452 595448 26 1809
885864 977006 26 1802
6353742 6390205 26 702
1167439 1255765 26 1696
9068609 9077923 26 157
3965248 4025596 26 1169
1266835 1354167 26 1675
7997929 8017950 26 413
8572658 8586932 26 263
1902036 1983016 26 1518
6350499 6386995 26 710
1233246 1320914 26 1696
4556258 4610696 26 1057
1662131 1745510 26 1631
9863362 9864729 26 21
8357118 8373547 26 320
8037934 8057555 26 390
7923412 7944178 26 373
8621869 8623248 26 23
7511954 7514443 26 40
8830180 8831350 47 23
4315265 4320950 26 99
6173686 6177513 26 78
6994294 6997300 26 65
627100 636473 26 173
3029867 3036838 26 147
638894 648256 26 177
4866351 4871485 26 91
8050325 8052275 26 48
9794151 9794357 47 5
660069 669409 26 198
9450660 9451210 47 10
6437655 6441218 26 66
4200875 4206675 26 114
4622586 4627964 26 104
1844646 1852802 26 158
1091820 1100729 26 162
3560931 3567371 26 127
3744217 3750473 26 110
1264418 1273154 26 186
8482713 8484231 47 34
6503730 6507227 26 75
3223950 3230727 26 170
4980034 4985054 26 107
8088901 8090813 26 40
441662 451221 26 201
2536746 2544210 26 153
7927084 7929157 26 39
5434232 5438798 26 81
944985 954041 26 149
570719 580149 26 166
7278038 7280760 47 59
2070863 2078793 26 173
2867771 2874904 26 133
9922848 9922926 24 3
3707277 3713570 26 126
1397831 1406434 26 143
6598487 6601889 26 50
4771290 4776519 26 94
8940605 8941665 26 23
498404 507906 26 189
3793912 3800119 26 122
4513148 4518635 26 100
8387029 8388642 26 35
8611472 8612861 47 30
2219339 2227120 26 147
1687293 1695606 26 178
4433439 4439006 26 121
5988928 5992940 26 80
8075649 8077574 26 44
8773010 8774237 26 28
7511719 7514208 26 41
6265756 6269491 26 73
688776 698088 26 163
2213093 2220880 26 150
6280689 6284409 47 63
5411893 5416482 26 86
6218675 6222457 26 68
9314974 9315660 26 11
6608635 6612027 26 66
8090523 8092433 26 44
4500238 4505738 26 108
6619455 6622836 26 55
6153662 6157509 26 68
9076852 9077776 47 12
8893267 8894374 26 25
1904190 1912286 26 151
5060644 5065584 26 98
6359270 6362911 26 77
9263740 9264477 47 15
3999778 4005779 26 124
9968863 9968895 165 1
7464897 7467433 26 48
2735293 2742558 26 144
8294126 8295832 26 30
8203175 8204972 26 35
3068609 3075541 26 153
795917 805122 26 170
5224646 5229422 26 86
6893723 6896830 26 58
3101526 3108425 26 128
6421917 6425496 26 70
6496835 6500339 26 77
9356638 9357282 26 21
7238505 7241267 26 58
3714208 3720494 26 131
6566017 6569451 26 74
752299 761547 26 189
3870533 3876663 26 100
9038231 9039193 26 21
9781960 9782179 26 5
4300895 4306595 26 120
3353725 3360372 26 129
3806727 3812921 26 115
7973115 7975142 26 31
8995252 8996257 26 20
9850301 9850451 643 3
8951868 8952917 26 27
8760496 8761736 26 29
7483548 7486065 26 47
3640678 3647038 26 123
1639180 1647541 26 134
7736697 7738961 26 42
2740062 2747322 26 148
9429741 9430312 26 11
5952756 5956804 26 88
7325234 7327909 26 46
9765294 9765529 155 4
6349462 6353113 26 86
320929 330609 26 188
1651727 1660076 26 173
2108423 2116315 26 155
3839972 3846133 47 122
7141887 7144746 26 53
3039768 3046729 26 128
2695204 2702509 47 143
3331610 3338279 26 130
2299950 2307651 26 134
9035896 9036861 26 22
7391514 7394123 26 50
4731447 4736716 26 113
766978 776212 26 196
8321466 8323145 26 27
5850784 5854934 26 74
240469 250229 26 161
9050044 9050994 26 14
5381060 5385679 26 94
7862664 7864802 26 46
7122838 7125716 47 48
1205778 1214573 26 169
2770707 2777937 26 126
1295393 1304098 26 148
9828183 9828355 26 3
5986611 5990625 26 83
838563 847725 26 167
6345397 6349052 26 64
471201 480730 26 173
3625148 3631523 26 118
2761312 2768551 26 128
277453 287176 26 215
2883704 2890821 26 132
3026456 3033430 26 147
4741616 4746875 26 99
6967113 6970146 47 56
3691662 3697971 26 113
4337078 4342741 26 116
7476228 7478752 26 53
5795977 5800182 26 80
7625098 7627473 26 58
5702033 5706331 26 78
6704039 6707335 26 60
5613871 5618258 26 91
23352 33329 26 201
5537918 5542381 26 91
2063260 2071197 26 137
3943065 3949122 26 122
2090184 2098094 26 150
7791073 7793282 26 47
2643475 2650832 26 148
9407887 9408480 40 11
7506146 7508640 26 47
9963449 9963486 1222 2
929624 938695 26 189
8875643 8876768 26 24
2336871 2344535 26 148
4249845 4255596 47 108
7771858 7774087 26 38
8928294 8929366 26 18
9218328 9219110 47 20
2209307 2217098 26 150
4846759 4851913 26 98
8336464 8338128 26 30
2998476 3005478 26 156
8696380 8697684 47 23
4777458 4782681 26 101
6745948 6749203 26 69
4758460 4763702 26 93
359097 368738 26 196
7690722 7693032 26 39
5957502 5961545 26 66
7768805 7771037 26 41
1263732 1272469 26 190
6563791 6567228 26 70
6419923 6423504 26 62
2228848 2236620 26 150
2061004 2068943 26 157
9925223 9925298 3 3
4392027 4397635 26 100
62427 72365 26 193
648534 657886 26 184
8847023 8848176 26 20
1590650 1599060 26 174
6531739 6535208 26 54
6403316 6406913 26 79
6739415 6742676 26 58
3778960 3785182 26 118
954280 963326 26 177
647392 656745 26 188
2378773 2386395 47 118
4657670 4663013 26 109
4378761 4384383 26 116
6865383 6868518 26 60
5509448 5513939 26 75
2022492 2030470 26 166
3497257 3503760 26 122
9530227 9530697 26 11
2218934 2226716 26 152
6512198 6515686 26 89
118639 128521 26 199
6324309 6327985 26 66
6972663 6975691 26 65
4058583 4064525 26 115
7372524 7375152 26 48
3284391 3291107 26 133
9886029 9886143 26 3
5131291 5136160 26 112
3097009 3103912 26 140
8468526 8470058 26 29
1014775 1023761 26 176
4966929 4971963 26 93
4242395 4248153 26 93
5441862 5446421 26 103
4991147 4996156 26 109
8541700 8543159 26 31
4961307 4966346 26 104
3497603 3504106 26 121
6491076 6494585 26 75
6582383 6585801 26 69
8372863 8374491 26 30
5128735 5133607 26 107
1549267 1557718 26 155
7064355 7067291 26 61
48688 58640 26 204
8235070 8236835 26 49
3069828 3076759 26 141
5106886 5111780 26 101
6566956 6570390 26 66
6029273 6033244 26 91
2707069 2714362 26 163
466650 476184 26 163
4474122 4479648 26 100
7627983 7630356 26 47
14342 24328 26 178
1031172 1040141 26 194
5122479 5127357 26 94
3191315 3198124 26 129
3246566 3253320 26 122
2173881 2181708 26 132
207830 217623 26 167
9268163 9268895 26 13
4898646 4903748 26 101
3868918 3875050 26 108
7360628 7363268 26 54
6507534 6511027 26 86
432208 441776 26 188
2123642 2131519 26 158
7222668 7225446 26 55
60586 70526 26 202
8014321 8016307 26 49
8358666 8360308 26 30
61602 71541 26 194
6682862 6686180 47 55
1507672 1516165 26 151
305412 315107 26 211
3291389 3298098 26 139
6264184 6267920 26 83
9430194 9430764 26 11
7199694 7202495 26 53
1551041 1559490 26 148
7835047 7837212 26 44
570290 579720 26 167
8163574 8165411 26 33
2992051 2999059 26 142
2460854 2468394 26 132
3810682 3816872 26 121
9445248 9445803 26 17
7887027 7889140 26 42
6177743 6181566 26 89
8079884 8081805 26 35
9292777 9293485 26 16
7883022 7885139 26 39
447480 457033 26 178
4750816 4756066 47 103
2713535 2720822 26 156
7239759 7242520 26 58
7933063 7935130 26 31
7301935 7304634 26 53
112725 122613 26 203
2432834 2440402 26 148
5095028 5099933 26 87
3901290 3907389 26 121
8943749 8944806 47 21
5121351 5126230 26 110
8178240 8180062 26 37
2347073 2354726 26 136
4259021 4264762 26 102
2713803 2721090 26 154
2047356 2055309 26 146
1400940 1409540 26 152
2375312 2382937 26 134
5702282 5706580 26 78
7344523 7347179 26 46
2186193 2194007 26 164
1660115 1668455 26 184
571918 581347 26 173
6836971 6840135 26 55
4095204 4101109 26 103
6146722 6150576 26 68
6466291 6469825 47 65
3912058 3918146 26 120
188984 198796 26 164
9306958 9307652 26 15
2801615 2808814 26 134
4301203 4306902 26 122
1618157 1626539 26 162
7332799 7335467 26 40
5740892 5745152 26 87
6811074 6814263 26 67
2936622 2943686 26 143
1097248 1106151 26 163
2171156 2178985 26 148
8697050 8698353 47 23
5465002 5469537 26 75
4837528 4842691 26 100
4306228 4311922 26 113
1787463 1795676 26 143
2798205 2805407 26 125
7532447 7534915 26 41
8554836 8556282 47 22
5835473 5839638 26 97
7746829 7749083 26 42
6540026 6543486 26 65
9911713 9911802 47 4
7424458 7427034 47 46
3493494 3500001 26 129
4951748 4956797 26 112
1914882 1922968 26 135
8090579 8092489 26 43
7108200 7111092 26 63
1528166 1536638 26 162
7708009 7710301 26 47
388045 397657 26 200
9092766 9093674 26 23
2091185 2099094 26 160
6598708 6602110 26 51
4715851 4721136 47 84
6447835 6451388 26 70
8247891 8249644 26 34
3241838 3248597 47 112
9062913 9063851 47 20
33111 43078 26 180
6308721 6312413 26 64
6196635 6200439 26 80
1363719 1372356 26 176
430484 440054 26 189
7427327 7429900 47 61
4581995 4587414 26 100
801080 810279 26 188
70084 80014 26 180
3913740 3919827 26 127
6685495 6688810 26 58
784527 793743 26 200
6185496 6189311 26 73
9976586 9976610 26 1
5602831 5607229 26 104
4630358 4635728 26 105
7852778 7854926 26 43
7788822 7791034 26 39
8489890 8491401 26 26
2838912 2846074 26 140
9200903 9201703 26 16
6576553 6579977 26 70
6454173 6457719 26 64
1072763 1081691 26 180
4968946 4973978 26 100
4048257 4054209 26 115
7356122 7358766 47 40
5460422 5464962 26 77
6834025 6837191 26 56
2753296 2760543 26 126
9177401 9178224 26 12
1136970 1145834 26 178
1446825 1455379 26 176
8847546 8848699 26 18
8225918 8227693 26 38
3238911 3245673 26 134
756134 765378 26 179
5220617 5225397 26 93
5872477 5876605 26 85
1117807 1126690 26 182
7185801 7188616 26 57
1914293 1922379 26 137
2966704 2973738 26 130
1903355 1911452 26 150
1782844 1791062 26 162
7687521 7689834 26 43
3379794 3386415 26 126
1577393 1585816 26 154
579750 589171 26 188
7760897 7763137 26 46
1884256 1892372 26 178
2052020 2059968 26 163
5716276 5720560 26 97
2745197 2752452 26 135
3579989 3586410 26 110
7136165 7139029 26 68
2679967 2687288 26 145
9367757 9368390 40 13
4702924 4708222 26 112
3661090 3667429 26 114
2839151 2846312 26 136
8907585 8908678 47 17
8015426 8017411 26 43
5908386 5912478 26 90
8468513 8470045 26 31
2057432 2065375 26 190
5406783 5411377 26 80
775063 784288 26 167
3065798 3072733 26 149
7398395 7400997 26 56
2398705 2406307 26 140
7805091 7807286 26 44
3760103 3766343 26 135
5800729 5804929 47 60
5920354 5924434 26 79
4282918 4288636 26 99
7798619 7800821 26 44
5697129 5701432 26 93
1049018 1057969 26 169
5146348 5151202 26 104
8690195 8691505 26 26
1568607 1577039 26 148
5517443 5521926 26 71
7712184 7714472 26 39
4341783 4347442 26 113
8202047 8203845 26 33
6113933 6117820 26 74
4915301 4920386 26 98
6460834 6464374 26 82
729514 738785 26 165
5115198 5120083 26 100
2430788 2438358 26 154
1744001 1752257 26 157
3038453 3045415 26 127
3018813 3025795 26 146
6364857 6368493 47 65
4906547 4911641 26 95
8252136 8253884 26 41
1212591 1221379 26 171
3311116 3317805 26 132
4636573 4641937 26 113
1008498 1017490 26 172
8660259 8661599 47 20
2585809 2593224 26 147
3770316 3776546 26 113
6712781 6716069 26 76
9746927 9747181 272 5
4715306 4720591 47 76
1263301 1272038 26 187
3264232 3270968 26 128
6925439 6928514 26 72
4508581 4514073 26 111
3511340 3517829 26 144
1480557 1489077 26 165
5830744 5834914 26 70
1729490 1737761 26 159
6245908 6249663 26 67
3903253 3909350 26 118
3328162 3334834 26 126
6498604 6502106 26 77
4289814 4295525 26 111
6117822 6121705 47 72
8209569 8211360 26 34
9572160 9572588 47 5
8014044 8016030 26 55
6775741 6778966 26 58
5448997 5453549 26 105
4539011 4544472 26 106
6150807 6154657 26 83
3824057 3830233 26 138
5503383 5507880 26 109
4288701 4294413 26 113
9787853 9788066 26 3
9538327 9538789 47 10
5718560 5722842 26 80
1617007 1625390 26 175
7163093 7165930 26 61
8792758 8793966 26 21
946496 955550 47 154
2042495 2050453 26 157
9892063 9892171 26 6
7030246 7033216 26 53
5360944 5365584 26 108
1433599 1442166 26 154
6261615 6265354 26 84
7109022 7111913 26 53
6926667 6929741 26 74
2173959 2181786 26 133
3968510 3974542 26 116
8758453 8759695 47 18
316636 326320 26 193
6945513 6948568 26 77
7986673 7988687 26 37
1184123 1192939 26 162
6234760 6238526 26 73
8119414 8121295 26 32
1548627 1557079 26 165
7677989 7680312 26 50
7072154 7075082 26 55
5279723 5284444 26 85
6248766 6252518 26 61
79683 89604 26 187
8653978 8655325 47 29
8307833 8309526 47 28
5667313 5671646 26 90
9472915 9473443 47 11
4646993 4652347 26 92
6698471 6701773 26 73
5670359 5674689 26 95
3031577 3038546 26 147
2545296 2552751 26 153
1897486 1905589 26 145
7894037 7896143 26 36
4844407 4849563 26 106
897873 906976 26 209
4358875 4364517 26 108
8979223 8980244 47 19
205091 214886 26 183
3134047 3140913 26 140
9534742 9535208 26 8
2772639 2779867 26 136
8932304 8933372 47 16
6036238 6040202 26 70
6312586 6316274 26 72
9352185 9352833 26 12
8671450 8672779 26 32
8260342 8262082 26 41
4315566 4321251 26 98
8447006 8448559 26 26
7021076 7024055 26 62
5030306 5035276 26 96
9053477 9054424 26 27
5605853 5610248 26 93
2383274 2390891 26 129
5338171 5342833 26 99
4120093 4125973 26 114
1485836 1494351 26 160
1824831 1833007 26 196
6587544 6590957 26 62
6758847 6762089 26 78
7341054 7343713 26 51
624258 633634 26 162
7066248 7069182 26 72
2276905 2284629 26 154
4290313 4296023 26 109
4683007 4688324 26 107
539416 548877 26 171
8172611 8174439 26 30
4363943 4369580 26 121
8053564 8055511 26 38
4714045 4719331 26 89
3060494 3067434 26 145
1239832 1248593 26 184
928609 937681 26 184
9195746 9196551 47 18
4267170 4272903 26 101
5073007 5077934 26 116
1895498 1903603 26 154
6916658 6919742 26 56
2810369 2817559 26 130
18509 28491 26 167
3393188 3399795 26 128
999284 1008285 26 169
2088697 2096609 26 169
6748269 6751521 26 62
1328299 1336971 26 156
9655048 9655393 47 8
7279938 7282659 47 57
3358381 3365023 26 130
9782460 9782678 47 3
3224010 3230786 26 168
7009988 7012979 26 66
4333248 4338915 26 104
1089436 1098347 26 167
7268546 7271278 26 49
3178811 3185633 26 132
2428816 2436388 26 148
9078389 9079311 26 31
8247663 8249416 26 36
8789162 8790373 26 23
2221543 2229322 26 151
3576965 3583389 26 110
664341 673677 26 209
151301 161150 26 203
8486622 8488136 26 25
1959721 1967762 26 177
2134465 2142331 26 159
9545382 9545837 26 12
3840860 3847020 47 116
9090502 9091412 26 18
9081598 9082517 26 17
1612526 1620914 26 170
4127540 4133413 26 114
7088694 7091606 26 55
120614 130494 26 198
7062124 7065062 26 51
387643 397256 26 194
8612549 8613937 26 28
1985936 1993951 26 156
6676252 6679576 26 64
7965529 7967564 26 32
2853042 2860189 26 125
8675702 8677027 26 20
8783475 8784692 26 21
1036278 1045242 26 190
3896692 3902796 26 119
2723880 2731157 26 145
4929699 4934770 26 108
5283231 5287948 26 100
44612 54568 26 185
7811354 7813543 26 43
4855462 4860607 26 115
2268062 2275794 26 151
3449001 3455552 26 112
2381977 2389596 26 116
5283475 5288192 26 98
9669787 9670118 26 10
975544 984569 26 189
8958576 8959618 26 18
5463606 5468143 26 86
3772443 3778671 26 119
1331698 1340367 26 142
9091908 9092817 26 19
4231269 4237038 26 119
7529944 7532415 26 52
2611820 2619209 26 148
4214686 4220472 26 113
7149449 7152300 26 49
5521187 5525666 26 77
9632980 9633348 47 6
2976177 2983201 26 140
6240512 6244272 26 72
6839469 6842630 26 61
6118668 6122550 47 75
5841279 5845438 26 85
9511122 9511611 26 14
6693853 6697160 26 58
8152309 8154157 47 37
950517 959567 26 166
492160 501668 26 188
684340 693656 26 175
9490732 9491242 40 10
587535 596948 26 175
1884608 1892724 26 176
8334351 8336017 26 29
6122068 6125946 26 73
6062003 6065941 26 73
4134166 4140032 26 103
4138272 4144134 26 103
7483597 7486114 26 48
7918518 7920600 26 39
8571883 8573312 26 23
9287038 9287751 26 9
8395954 8397559 26 34
3079906 3086827 26 134
9460562 9461102 26 9
7863502 7865639 26 46
5029539 5034510 26 96
7667338 7669671 26 40
7145847 7148702 26 57
3861252 3867391 26 115
7628143 7630515 26 51
7830617 7832787 26 38
1680918 1689238 26 157
1095511 1104416 26 165
5675153 5679478 47 74
4121741 4127620 26 113
8936729 8937793 26 17
8772988 8774216 26 28
4272403 4278131 26 99
8617560 8618943 26 36
4749266 4754517 26 109
3251329 3258078 26 141
5385228 5389843 26 110
1352601 1361249 26 179
8014385 8016371 26 49
7061283 7064222 26 49
5786442 5790656 26 85
5451282 5455831 26 113
9226157 9226931 26 11
8427276 8428849 26 24
7794046 7796252 26 39
7114120 7117006 26 63
3493454 3499961 26 129
8261794 8263533 26 32
5162751 5167589 26 99
3031021 3037990 26 146
3744953 3751209 26 112
8290095 8290266 136 2
9747243 9747269 36 2
7476536 7476789 47 8
8332193 8332360 26 5
400994 401954 47 17
3514227 3514876 26 12
802005 802925 26 15
2728401 2729129 47 18
6948504 6948810 26 7
6142955 6143341 136 7
6908182 6908492 47 5
6365398 6365762 26 6
2494980 2495731 47 16
7876146 7876359 26 7
5451596 5452051 26 12
6321704 6322072 136 6
9745937 9745963 821 1
9056146 9056241 31 3
2160219 2161003 26 20
7121557 7121845 47 4
9366307 9366371 1021 2
7782246 7782468 26 9
4486813 4487365 47 7
1605143 1605983 47 14
9849153 9849169 1413 1
6230882 6231259 40 7
2017472 2018271 47 17
6769410 6769734 47 10
2943094 2943800 26 17
3963785 3964389 26 14
8402533 8402693 24 3
6640069 6640405 26 10
8985818 8985920 26 4
9579301 9579344 40 2
4933283 4933790 26 12
6534928 6535275 26 5
7208195 7208475 251 4
3850008 3850623 26 15
4581881 4582423 26 10
4553879 4554424 26 11
2736114 2736841 47 10
4621749 4622287 26 15
9784398 9784420 273 1
3898084 3898695 26 13
3235406 3236083 26 14
6121946 6122334 47 8
2428845 2429603 26 19
9229145 9229223 621 3
7834707 7834924 26 8
9422728 9422786 26 3
2372600 2373363 47 16
6801590 6801910 40 8
8666032 8666166 37 2
2973566 2974269 26 13
2460097 2460851 26 9
1995774 1996575 26 14
9024838 9024936 47 3
4771917 4772440 26 8
7389154 7389416 47 7
2353314 2354079 47 12
8957837 8957942 47 4
4672154 4672687 47 12
3088964 3089656 26 15
8099948 8100139 26 4
7705875 7706105 26 4
2431442 2432199 24 10
5344537 5345003 26 10
6092410 6092801 47 15
1764746 1765570 26 21
4844644 4845160 26 13
6469072 6469426 47 6
2861712 2862426 26 20
6379947 6380310 47 9
9553219 9553264 136 2
8016000 8016199 26 5
7695191 7695422 47 5
4194336 4194917 31 10
1743801 1744627 26 16
7108764 7109054 26 11
2514457 2515206 26 15
9495650 9495701 21 1
3900614 3901224 26 15
4645563 4646099 26 8
843543 844459 26 22
2546682 2547428 26 14
8268719 8268893 1435 3
861750 862664 26 15
7273089 7273362 40 6
2753385 2754110 47 14
6738506 6738833 26 6
3298165 3298836 26 11
5948123 5948529 26 9
9082169 9082261 182 2
7677426 7677659 26 5
9224671 9224749 26 3
3352681 3353346 26 12
5793831 5794252 47 7
8486869 8487021 165 5
5965587 5965991 47 8
1052690 1053585 26 18
2537191 2537938 26 16
2990436 2991137 47 13
7913634 7913843 47 6
9456298 9456353 26 2
6916997 6917306 37 6
866566 867480 26 19
3164803 3165487 26 11
1303233 1304103 26 13
4398747 4399308 47 14
8919864 8919973 31 4
3331374 3332041 47 15
4946177 4946683 47 8
7959897 7960102 26 5
7395911 7396172 31 7
7148188 7148474 26 7
344153 345119 26 20
2185913 2186695 26 16
6851581 6851896 47 7
5950206 5950611 26 9
9083672 9083764 161 2
1207044 1207924 47 15
4112961 4113550 26 15
8860267 8860381 26 3
486334 487286 26 20
8746462 8746588 26 4
1856243 1857058 47 16
2054474 2055269 26 11
2796355 2797076 26 14
1598857 1599698 26 16
5410059 5410518 136 7
2240132 2240908 26 20
5328349 5328817 26 9
9123935 9124023 222 3
2288147 2288919 26 15
7571907 7572150 47 7
6004886 6005286 26 8
7850305 7850520 26 4
936235 937142 47 24
2478167 2478920 26 25
1190569 1191450 47 15
9916536 9916545 343 1
8431419 8431576 47 3
892796 893707 26 21
7494744 7494995 21 4
126815 127803 26 24
4280995 4281567 26 12
1361113 1361977 47 14
4294297 4294868 47 11
4137927 4138514 26 14
8553759 8553904 26 4
3310906 3311575 26 12
8948604 8948710 529 2
4425322 4425880 26 10
5418578 5419037 3 7
4845316 4845832 26 15
3334281 3334948 26 9
4956585 4957090 26 7
3766539 3767163 40 9
6696842 6697173 26 7
7803337 7803557 26 9
5362349 5362813 26 10
9963994 9963998 3250 1
556530 557475 26 21
3980448 3981050 165 9
8965824 8965928 26 5
6420478 6420836 26 5
9056424 9056519 1222 2
9512973 9513022 165 1
9643480 9643516 576 1
3727999 3728627 47 11
4352480 4353045 47 15
5384612 5385074 47 8
4857366 4857881 26 9
2569596 2570340 26 12
6106399 6106789 26 9
2031594 2032391 26 15
5523628 5524076 47 10
5382296 5382758 26 14
8337937 8338104 26 4
7406657 7406917 26 6
7109881 7110171 47 7
8718861 8718990 31 6
2931071 2931778 26 24
1134249 1135136 26 17
6922796 6923104 136 6
6504013 6504363 26 9
1345292 1346158 26 23
8501747 8501897 47 3
6440831 6441187 47 8
1512050 1512899 26 13
4751404 4751929 26 11
3819921 3820540 26 13
4149625 4150211 26 12
6999053 6999354 47 8
434583 435540 26 24
194987 195968 47 18
7544855 7545101 47 4
9617973 9618012 1033 1
7012546 7012845 26 6
3908663 3909273 47 9
8088914 8089106 47 5
1314157 1315026 26 19
3441954 3442610 26 14
5316578 5317047 47 8
5640543 5640979 26 10
2806153 2806873 26 14
6209289 6209669 47 12
8361462 8361626 26 4
3561276 3561920 26 15
5119918 5120407 26 8
7217740 7218019 136 4
7108980 7109270 26 6
1012006 1012905 26 22
2574762 2575505 26 15
5383351 5383813 47 10
2973058 2973761 26 15
1830831 1831648 47 19
8107975 8108165 340 3
8041187 8041383 610 4
6971485 6971788 26 5
2625984 2626722 26 14
4764403 4764927 26 10
4396750 4397311 47 14
8195358 8195539 26 4
7555119 7555364 26 9
414799 415758 26 18
438239 439196 26 26
5257372 5257847 26 7
4393545 4394106 47 15
6172170 6172553 26 6
3377530 3378193 26 13
6689883 6690215 26 11
8059448 8059643 47 4
5242007 5242483 47 10
5052672 5053167 26 16
7238089 7238366 47 4
717933 718862 47 20
2499320 2500071 26 14
5288764 5289236 47 12
6257250 6257625 40 7
2524676 2525424 26 19
7439952 7440209 182 5
7956360 7956565 47 4
3047163 3047859 47 16
9118173 9118262 3 2
5476237 5476690 26 8
1700074 1700904 26 16
9740895 9740921 765 1
4293614 4294185 31 13
7421149 7421407 3 6
413397 414356 47 17
2587768 2588510 26 21
4449979 4450535 47 9
9990893 9990894 15042 1
8659814 8659949 136 3
6379901 6380264 47 7
7661664 7661898 47 3
504319 505269 47 17
8494155 8494306 47 6
2304157 2304927 47 15
4068437 4069031 26 11
2458789 2459544 26 22
9661796 9661830 26 2
3202853 3203533 26 13
790419 791340 26 21
5855430 5855845 26 17
5172242 5172725 26 14
98886 99877 26 18
980365 981267 26 21
5726892 5727320 26 8
9011886 9011985 68 2
8672647 8672780 26 3
6476482 6476835 47 6
7905130 7905340 26 6
314473 315442 26 21
1458117 1458972 47 14
7957056 7957261 31 5
6640475 6640811 26 6
5369195 5369659 26 9
5514251 5514700 26 12
3791370 3791991 26 13
8583308 8583450 26 5
9770347 9770370 3064 1
9087892 9087984 31 2
1034777 1035674 26 20
4779206 4779729 47 10
7467490 7467744 26 7
7887404 7887616 26 8
5366299 5366763 47 11
2155204 2155989 47 15
790382 791303 26 20
2100447 2101237 47 19
8511025 8511174 26 5
57925 58920 26 19
5173243 5173726 47 9
9614929 9614968 146 1
8028330 8028528 26 7
5543896 5544342 47 10
5923331 5923739 47 7
6750829 6751154 26 7
5709428 5709858 24 7
4973574 4974077 26 12
3400266 3400926 26 18
345143 346109 26 17
9083498 9083590 26 2
191768 192749 47 19
2818929 2819648 26 17
6940293 6940599 26 10
5768755 5769179 26 10
4415857 4416416 26 10
7343967 7344233 24 8
1569437 1570281 26 15
6288291 6288663 26 8
6376402 6376765 26 12
4226582 4227160 26 11
5638303 5638740 47 8
2792144 2792865 47 13
2178497 2179280 136 13
3563916 3564560 26 13
3554190 3554835 26 12
9617462 9617501 64 1
7725091 7725319 24 7
8272856 8273029 26 4
3564133 3564777 26 15
9148128 9148214 26 3
6475405 6475758 26 6
8762 9762 47 21
392882 393843 26 23
3172082 3172765 26 15
3472520 3473173 26 11
4436448 4437005 26 15
3418981 3419640 26 16
7555726 7555971 31 4
7482337 7482589 26 6
2131826 2132613 47 14
9191852 9191933 105 2
8930911 8931018 272 3
332519 333486 26 14
7188297 7188579 26 8
4413131 4413690 47 14
1100158 1101048 26 19
6299188 6299559 26 10
947413 948319 47 15
6573628 6573971 47 6
5262597 5263071 26 12
8955819 8955924 4 3
4584860 4585402 47 10
436721 437678 47 19
8496116 8496267 31 3
3849284 3849900 26 12
2322409 2323177 47 19
8142072 8142258 272 5
2411658 2412417 26 12
2208102 2208882 26 16
4512384 4512933 47 10
2863520 2864234 26 18
3522909 3523557 26 21
5844640 5845056 31 8
8685512 8685644 47 4
6484464 6484816 26 8
3576311 3576954 26 12
8542024 8542170 26 5
3543575 3544221 47 15
5702865 5703295 47 9
7668283 7668517 26 4
6620557 6620895 136 5
4005955 4006555 26 13
9045286 9045382 26 3
3129879 3130567 26 15
9189877 9189959 643 2
97915 98906 26 15
3368438 3369102 31 12
5236684 5237161 26 10
8218478 8218657 26 6
2264244 2265018 47 15
34802 35799 26 19
6852506 6852821 47 8
6149358 6149744 47 6
2827367 2828085 47 11
6725384 6725712 26 7
9096531 9096622 47 4
5449797 5450253 26 13
6669916 6670250 47 7
3947992 3948598 47 11
6901622 6901932 26 5
9993098 9993099 5297 1
7953729 7953934 47 6
6529613 6529961 3 4
1882527 1883339 26 24
5909795 5910205 47 12
5358265 5358730 26 19
5315405 5315874 26 11
4068879 4069473 26 11
3477896 3478549 47 11
4618802 4619341 26 13
6116166 6116555 31 6
4041063 4041659 26 9
1897444 1898255 47 18
9250125 9250200 757 2
1011486 1012385 47 21
5063628 5064122 26 9
5597607 5598048 26 11
1317316 1318185 26 22
3763772 3764396 26 16
5410143 5410602 47 7
7689442 7689674 47 4
4897762 4898273 3 7
2401361 2402121 26 14
273528 274501 26 19
5519297 5519746 26 12
1946757 1947563 31 13
1867908 1868722 26 16
5250612 5251087 26 9
1769484 1770308 26 14
8218075 8218254 26 10
2460246 2461000 26 12
6958459 6958764 47 7
5838871 5839288 47 12
6682089 6682421 23 7
8684337 8684469 47 4
4512071 4512620 26 10
8398549 8398710 24 4
1768965 1769789 26 16
1714208 1715037 47 11
7957877 7958082 47 5
9096770 9096861 26 3
665606 666540 26 21
6275831 6276204 26 10
6538206 6538553 26 8
9438629 9438686 375 2
5569918 5570362 26 11
6388159 6388521 26 6
9373783 9373846 31 2
9481091 9481143 544 2
3234005 3234682 26 15
7071813 7072106 24 7
1012074 1012973 26 23
2791423 2792144 26 20
5571871 5572314 40 7
8660356 8660490 182 3
469549 470503 26 23
6961013 6961317 47 9
4676717 4677250 26 19
1042365 1043261 26 20
6552969 6553314 26 6
792892 793813 26 16
2945806 2946512 47 15
878271 879184 26 23
3752882 3753507 47 13
1850721 1851536 26 19
7040961 7041257 26 9
2648606 2649342 26 15
4331134 4331701 26 11
3294939 3295610 26 13
2101241 2102031 26 15
1346192 1347058 26 23
4425928 4426486 26 15
4813008 4813527 26 10
4702608 4703138 47 8
201135 202115 26 18
5028571 5029069 26 11
6212137 6212516 40 8
4507069 4507619 26 11
1519495 1520344 26 21
2965603 2966307 26 13
1969641 1970445 26 11
3183859 3184541 47 9
5866657 5867071 26 9
7368846 7369110 47 7
7024807 7025105 26 8
6514466 6514815 47 9
1500517 1501367 47 18
8260126 8260300 31 4
4244771 4245347 47 10
514042 514991 26 20
2851263 2851978 26 11
8209617 8209797 3 3
9935592 9935599 676 1
9671297 9671330 23 1
4275627 4276200 26 9
667396 668330 26 29
4072782 4073375 26 12
5449881 5450337 26 15
3407567 3408227 26 19
4079814 4080407 26 14
4043096 4043692 26 12
1331934 1332801 26 20
9941039 9941045 40 1
1572415 1573258 26 16
6220420 6220798 3 8
5998180 5998581 26 9
623707 624645 26 19
917542 918451 26 21
2460550 2461304 26 12
8309876 8310046 47 5
2110149 2110938 47 14
2931409 2932116 26 18
8145689 8145875 40 3
9473424 9473477 47 2
9145123 9145209 165 3
9326500 9326568 56 2
7534523 7534770 136 6
1593919 1594760 26 17
6707373 6707703 4 7
123277 124265 26 20
2730303 2731030 26 16
5691332 5691763 26 10
1633172 1634009 26 15
1043182 1044078 26 14
7618384 7618623 413 3
8949968 8950074 621 3
2751668 2752393 47 14
9155076 9155161 272 2
4748419 4748945 26 11
2141693 2142479 26 21
756350 757275 47 20
6310964 6311333 26 7
2740351 2741077 26 12
8132585 8132772 131 3
8782912 8783034 36 2
1738456 1739283 26 13
1948143 1948949 26 17
4266073 4266647 26 16
7985 8985 47 21
5955950 5956355 47 10
5893211 5893622 26 8
2854003 2854718 47 12
830613 831530 47 20
3870099 3870712 26 11
3650297 3650932 26 12
7499355 7499606 273 5
7373457 7373720 26 8
7633760 7633997 47 6
9904554 9904564 408 1
6063460 6063854 47 8
3978002 3978605 24 7
5779602 5780025 47 7
5352355 5352820 135 6
6374383 6374746 26 13
1702679 1703509 26 19
5821214 5821632 165 6
4703158 4703688 47 8
7298447 7298718 47 7
6431884 6432241 31 5
7840795 7841011 26 10
6853844 6854159 26 6
7744330 7744556 26 6
1775108 1775931 26 13
1573328 1574171 47 15
4924890 4925398 26 14
402495 403455 47 15
5423706 5424164 26 11
7817773 7817992 40 5
1253683 1254558 26 20
3745952 3746578 47 13
4942746 4943252 26 12
2009685 2010485 26 15
8497257 8497408 26 3
9247251 9247327 21 2
6913068 6913377 26 8
2084838 2085630 26 14
67953 68947 47 16
7868343 7868557 40 4
8165148 8165332 31 3
1784106 1784928 26 17
7984616 7984818 3 5
1178344 1179227 26 15
2409577 2410337 47 13
4481677 4482229 47 8
975474 976377 26 17
2752362 2753087 26 13
8719633 8719762 24 3
8091279 8091470 26 6
7052586 7052881 31 6
9740190 9740216 151 1
4620187 4620725 47 11
9870668 9870681 203 1
6714575 6714904 26 8
440767 441723 26 18
8661430 8661564 205 3
7808952 7809172 47 7
4426035 4426593 26 12
687485 688417 26 17
7153426 7153711 26 10
3988632 3989234 26 13
6012757 6013156 47 8
6917505 6917814 26 5
5168637 5169121 26 15
3233190 3233867 26 14
5526061 5526509 40 8
739567 740494 47 15
2295564 2296335 47 14
2794102 2794823 47 15
2655715 2656450 47 16
3041477 3042173 26 14
6051831 6052226 47 7
9954106 9954111 399 1
9934652 9934659 10866 1
8370128 8370291 47 7
8082510 8082702 232 3
6319323 6319692 23 5
7700757 7700987 24 5
7214999 7215278 31 7
3554153 3554798 26 12
3408469 3409129 26 12
7946017 7946223 31 5
9432607 9432664 807 1
7560131 7560375 40 5
1131252 1132139 26 19
1071025 1071918 26 15
2790349 2791070 26 16
2997993 2998694 26 21
6698766 6699097 26 10
1331587 1332454 26 16
7294374 7294645 26 6
4538518 4539065 26 9
2476698 2477451 26 22
4197826 4198407 26 11
8644434 8644570 47 5
9962893 9962897 280 1
6072141 6072534 47 9
3406508 3407168 26 23
7490983 7491234 47 6
6581784 6582126 47 8
5422977 5423435 26 12
9708031 9708061 272 2
3871452 3872065 26 9
2245899 2246675 26 23
7410856 7411115 26 7
1935137 1935944 26 15
3859504 3860119 26 12
2843348 2844064 26 26
7475658 7475911 47 8
8273333 8273506 165 3
7312900 7313169 37 4
5803547 5803967 40 7
238947 239924 26 27
3028993 3029691 47 15
3352710 3353375 26 12
238557 239534 26 19
8192923 8193104 26 6
5341831 5342297 47 9
4962676 4963180 26 9
1667045 1667879 26 18
2137978 2138765 26 12
2239641 2240418 26 21
8415299 8415458 3 3
2566043 2566787 26 10
1436767 1437624 26 16
9147197 9147283 47 3
657968 658903 47 15
123426 124414 26 23
3864343 3864957 31 9
1810163 1810982 47 12
716082 717011 26 13
6442790 6443146 26 8
8753021 8753146 47 4
2675792 2676525 26 16
3232189 3232866 26 13
344262 345228 26 17
3287189 3287861 26 11
9965199 9965203 6815 1
319684 320653 26 14
8411091 8411250 23 3
6238029 6238406 26 8
5121712 5122200 26 13
5264048 5264522 26 8
2731058 2731785 47 16
4309494 4310064 47 12
1285793 1286665 47 15
4768472 4768996 47 11
1661917 1662751 26 23
5846542 5846958 26 8
1322002 1322870 26 25
784668 785590 47 19
7107131 7107421 26 8
5480343 5480795 26 17
5510284 5510733 40 7
7200244 7200524 31 4
6885203 6885515 26 10
6178762 6179145 26 15
6630585 6630922 26 6
8898708 8898819 21 3
4008716 4009316 47 14
2718826 2719555 26 18
9203046 9203126 26 6
9900959 9900969 1349 1
2167313 2168097 47 11
2887430 2888142 26 17
8790955 8791076 26 5
9175567 9175650 24 3
4969924 4970428 47 12
6249024 6249400 40 8
9377768 9377831 1153 2
4396063 4396624 26 8
936076 936983 47 23
790679 791600 26 21
1551332 1552177 47 18
8636411 8636548 243 3
3318523 3319192 31 10
1618168 1618252 136 3
2707731 2707804 47 3
9055567 9055577 2051 1
3092468 3092538 47 2
6725012 6725045 192 2
3554346 3554411 26 3
539156 539251 135 2
837616 837708 1124 2
8438014 8438030 47 2
6295844 6295882 877 2
2816762 2816834 131 2
3205777 3205845 1222 2
995887 995978 37 2
137712 137811 3663 2
1360597 1360684 3 3
804441 804533 892 2
2982745 2982816 779 2
9908875 9908876 136 1
6321397 6321434 24 2
8581062 8581077 5154 1
403527 403623 47 7
8363123 8363140 2702 1
9509292 9509297 1706 1
1621620 1621704 1312 2
528470 528565 40 3
8973703 8973714 610 1
7547445 7547470 1153 1
6991726 6991757 116 2
7323246 7323273 40 2
3279469 3279537 135 2
1568239 1568324 51 2
3591096 3591161 47 2
6312712 6312749 807 1
7880189 7880211 1141 1
2704051 2704124 136 5
6203301 6203339 586 3
7985330 7985351 47 2
3334374 3334441 31 2
7768407 7768430 40 1
2332641 2332718 40 2
1928487 1928568 26 3
9417840 9417846 23 1
8942796 8942807 47 1
4286137 4286195 26 5
815780 815872 165 3
6274594 6274632 26 2
8986751 8986762 1805 1
7612571 7612595 182 2
4562196 4562251 114 2
5417955 5418001 264 2
6818489 6818521 94 2
8872782 8872794 199 1
6906514 6906545 40 3
9812 9912 26 3
1318445 1318532 26 3
7791466 7791489 31 2
952028 952119 40 2
2705959 2706032 636 2
2108165 2108244 72 2
3048482 3048552 40 2
3527167 3527232 31 2
5836274 5836316 373 2
534779 534874 4 2
9023862 9023872 890 1
805331 805423 26 3
8260473 8260491 327 1
4973416 4973467 37 2
4396419 4396476 562 1
471766 471862 26 4
2505806 2505881 661 2
3171827 3171896 24 2
5468500 5468546 47 2
4131750 4131809 26 4
3832072 3832134 26 2
3072923 3072993 40 3
4989036 4989087 136 2
852032 852124 165 2
4345461 4345518 182 3
2722493 2722566 31 3
2432806 2432882 141 2
7243396 7243424 210 1
7941412 7941433 136 1
8650823 8650837 121 1
696679 696773 26 3
534952 535047 40 3
3956455 3956516 182 2
2679141 2679215 182 2
4589341 4589396 26 3
5568100 5568145 165 2
1939799 1939880 26 2
2963259 2963330 618 2
8119759 8119778 1482 1
9415038 9415044 2958 1
3496910 3496976 31 2
1191675 1191764 40 2
8357971 8357988 47 2
704094 704187 26 2
1177585 1177674 23 2
1322933 1323020 26 2
9852377 9852379 17310 1
1169922 1170011 26 3
3152008 3152077 47 2
1348930 1349017 26 3
4947645 4947696 47 2
1286398 1286486 136 2
8709590 8709603 23 1
1560505 1560590 1002 2
1546355 1546440 47 2
7146599 7146628 26 2
1815090 1815172 31 3
9981388 9981389 4090 1
8989318 8989329 1537 1
3744757 3744820 179 2
8231483 8231501 71281 1
4212799 4212857 1227 2
216166 216264 131 3
7759550 7759573 1746 1
3031789 3031859 37 2
939793 939884 31 4
1454165 1454251 136 2
1981609 1981690 135 2
7196816 7196845 3817 1
8169485 8169504 16587 1
6537847 6537882 720 2
6047118 6047158 31 2
1822120 1822202 68 2
1178984 1179073 26 4
4673416 4673470 136 2
2734668 2734741 136 3
3999703 3999764 47 3
5153685 5153734 2273 2
2689685 2689759 31 2
3672834 3672898 26 3
5430267 5430313 26 3
4635174 4635228 5 2
9491541 9491547 1749 1
2552957 2553032 756 2
8678999 8679013 4473 1
878280 878372 31 3
5655908 5655952 165 3
192680 192779 26 3
4892538 4892590 1267 2
5949601 5949642 715 1
1168303 1168392 482 2
4169741 4169800 47 2
1919803 1919884 47 2
557460 557555 47 3
8312682 8312699 94 2
8036915 8036935 583 1
6666455 6666489 43 1
7284410 7284438 4 2
9421161 9421167 2060 1
764931 765024 24 2
4470599 4470655 26 2
9513000 9513005 670 1
7853180 7853202 4308 1
7462644 7462670 740 1
5022769 5022819 31 2
1024619 1024709 26 3
5527850 5527895 26 3
2243289 2243367 26 4
1407071 1407157 983 2
6993579 6993610 143 2
4979120 4979171 26 2
759358 759451 26 3
9892277 9892279 3167 1
8963132 8963143 26 1
1182104 1182193 26 3
8946395 8946406 40 2
919120 919211 136 2
5921352 5921393 100 2
45194 45294 24 2
7002901 7002931 41 2
6718602 6718635 26 2
1565560 1565645 26 3
5365373 5365420 1461 1
4582925 4582980 958 2
3978041 3978102 1312 2
5553165 5553210 40 2
4531333 4531388 210 2
8716539 8716552 2446 1
3565998 3566063 340 2
798136 798229 47 5
8775424 8775437 10211 1
227007 227105 47 4
3001951 3002021 26 3
9207645 9207653 741 2
1708953 1709036 24 2
5903640 5903681 26 3
8001291 8001311 514 1
9041927 9041937 888 1
1936190 1936271 2080 2
8490039 8490055 1631 1
8649447 8649461 1580 1
6283006 6283044 136 2
1284100 1284188 182 2
2647375 2647449 47 4
1367155 1367242 26 3
7852018 7852040 83 2
6007959 6007999 165 3
1342855 1342942 127 3
9282916 9282924 836 1
4308953 4309010 274 2
4992936 4992987 26 2
8850899 8850911 619 1
4629916 4629970 26 2
7396665 7396692 385 1
5207862 5207910 23 2
9317181 9317188 518 1
8793865 8793878 813 1
9213503 9213511 795 1
4396685 4396742 26 2
8419326 8419342 296 1
2284627 2284705 3 2
6323933 6323970 47 3
3202529 3202597 40 3
7725011 7725034 576 1
7821644 7821666 37 2
9862100 9862102 991 1
1985202 1985283 23 2
4105489 4105548 4 2
562649 562744 135 2
4368067 4368124 1666 2
2392233 2392310 40 4
5245386 5245434 939 1
7041383 7041413 47 2
962194 962285 165 3
5882149 5882191 241 2
78560 78660 26 2
4249970 4250028 3811 1
4251647 4251705 23 2
6726524 6726557 143 1
9102174 9102183 88 1
2030705 2030785 26 5
2786148 2786221 47 2
2404085 2404161 165 3
992812 992903 117 2
6454670 6454706 664 1
8870114 8870126 1234 1
71468 71568 958 2
2241954 2242032 251 2
8427091 8427107 715 1
2813796 2813868 840 2
3402806 3402872 24 2
9196157 9196166 622 1
982525 982616 26 5
9752477 9752480 29 1
3758343 3758406 26 3
4455641 4455697 810 2
3716518 3716581 31 2
4742875 4742928 47 2
4620454 4620508 26 3
5486325 5486371 136 2
5290151 5290199 31 1
9479851 9479857 370 1
7852635 7852657 26 2
7918972 7918993 47 2
2169084 2169163 26 2
6261774 6261812 47 2
4495742 4495798 4448 1
8900132 8900143 5 1
296852 296950 47 4
4996006 4996057 821 1
6291667 6291705 47 3
9471734 9471740 1652 1
1180647 1180736 26 2
568759 568854 40 3
4998174 4998225 94 2
6032372 6032412 31 2
3034192 3034262 1871 2
5582924 5582969 38 2
8373136 8373153 992 1
5703024 5703067 161 2
8217862 8217880 262 1
8358530 8358547 429 1
1009515 1009605 116 3
8925500 8925511 205 1
1358677 1358764 47 3
7705453 7705476 256 1
4967665 4967716 671 3
235699 235797 26 3
5622192 5622236 47 2
1451576 1451662 180 2
5807108 5807150 323 2
5163186 5163235 943 2
2578031 2578106 517 2
9619814 9619818 9705 1
4320050 4320107 11 2
6747268 6747301 26 2
832209 832301 47 3
8140604 8140623 26 2
9781714 9781717 479 1
970923 971014 26 3
6519621 6519656 47 2
9310126 9310133 41 1
9204129 9204137 2594 1
2501936 2502011 26 4
8339949 8339966 539 1
9917650 9917651 3325 1
4588540 4588595 26 3
9836940 9836942 1386 1
6792046 6792079 4 1
1269515 1269603 205 2
4818907 4818959 3 2
9156766 9156775 184 1
2854469 2854541 2117 2
3735092 3735155 519 1
1163823 1163912 1944 2
1303850 1303937 135 2
628166 628260 26 2
7127984 7128013 5644 1
8356352 8356369 13351 1
3977379 3977440 415 2
1533111 1533196 26 3
992116 992207 675 2
42897 42997 1362 2
3807397 3807459 31 2
761556 761649 24 2
2853251 2853323 26 3
2697406 2697480 182 2
4326394 4326451 26 3
8701104 8701117 152 2
8607121 8607135 2328 1
5012269 5012319 24 1
9064632 9064642 677 1
1128467 1128556 24 3
7929590 7929611 138 1
2335893 2335970 41 2
2752800 2752873 26 3
1731840 1731923 26 4
5727039 5727082 26 2
2226097 2226175 136 3
6886188 6886220 669 2
8534644 8534659 341 2
8815890 8815902 759 1
3534359 3534424 40 3
2579847 2579922 40 3
6366880 6366917 165 2
3870180 3870242 686 2
4631279 4631333 26 2
919635 919726 47 3
171266 171365 449 2
7392243 7392270 26 1
819739 819831 51 3
3484210 3484276 2625 1
1715788 1715871 26 4
7923221 7923242 4091 1
6354072 6354109 1370 2
571960 572055 26 3
2049764 2049844 26 4
3038405 3038475 24 2
9626088 9626092 2313 1
5531517 5531562 312 1
7710244 7710267 26 2
8051525 8051545 40 2
2959040 2959111 26 3
3719894 3719957 21 2
5813575 5813617 26 2
9464132 9464138 37 1
4592447 4592502 47 3
8153773 8153792 23 2
1882669 1882751 26 2
9368453 9368460 23 1
3504468 3504533 5605 1
5401370 5401416 262 1
3448501 3448567 47 2
3417214 3417280 26 2
7053805 7053835 569 2
4971053 4971104 23 3
6143933 6143972 26 3
5885937 5885979 47 2
1380953 1381040 40 2
7535255 7535280 576 1
5115948 5115997 47 2
2199720 2199799 122 2
7572700 7572725 345 2
6936476 6936507 413 1
3488087 3488153 26 2
8447267 8447283 199 1
9821132 9821134 72 1
5387577 5387624 26 3
2149661 2149740 136 2
775157 775250 47 4
826668 826760 149 3
5311143 5311190 136 3
2563309 2563384 26 2
5519492 5519537 26 1
2322875 2322952 620 2
9030641 9030651 256 1
6420494 6420530 303 2
2414933 2415009 47 3
790340 790433 24 3
1331849 1331936 47 3
2261054 2261132 136 3
9064281 9064291 410 1
5902882 5902923 2781 2
2387279 2387356 136 3
5434177 5434223 704 1
7693982 7694006 136 3
4337804 4337861 51 2
5141244 5141293 135 2
167982 168081 26 4
3322613 3322680 4 3
1834055 1834137 1267 2
8857410 8857422 136 1
2733457 2733530 1267 2
3879014 3879076 37 2
9896482 9896484 143 1
1228031 1228119 340 2
2920247 2920318 1329 2
1095207 1095297 136 2
7098600 7098630 2740 1
2397254 2397331 2770 1
2107963 2108042 47 3
2715656 2715729 4 2
545588 545683 1970 2
9311616 9311623 1506 1
1942303 1942384 47 2
7759062 7759085 408 1
8129291 8129310 182 2
6747114 6747147 840 2
8042770 8042790 9365 1
6155203 6155242 7249 1
6026872 6026912 47 2
9017653 9017663 44 1
442331 442427 47 3
9365476 9365483 76316 1
7615141 7615165 5630 1
1926991 1927072 131 1
8077080 8077100 26 1
2688372 2688446 184 3
3575409 3575474 165 2
7002751 7002781 1093 2
8355655 8355672 629 1
4901053 4901104 31 2
4464447 4464503 47 3
9335238 9335245 395 1
8223460 8223478 31 2
7836976 7836998 136 2
3469356 3469422 68 3
225893 225991 383 2
6765573 6765606 6083 1
6716824 6716857 2080 2
491681 491777 26 4
2584150 2584225 47 2
5648033 5648077 47 2
4908186 4908237 7944 1
3860250 3860312 26 5
7963569 7963590 2827 1
3465677 3465743 64 2
2663242 2663316 31 2
299002 299100 68 2
9304661 9304668 927 1
1417036 1417122 1303 2
144177 144276 223 2
1859858 1859940 37 2
9516972 9516977 1732 1
9616685 9616689 2761 1
5340141 5340188 70 2
9596306 9596311 1392 1
4632792 4632846 23 2
9392262 9392269 136 1
4321163 4321220 757 2
6625452 6625486 51 2
4045451 4045511 26 4
2293344 2293422 47 3
9355601 9355608 295 1
746469 746562 47 4
4513900 4513955 135 2
9233121 9233129 991 1
389816 389913 47 3
2263339 2263417 138 2
6383192 6383229 1267 1
1514347 1514432 57 2
9792276 9792279 13667 1
3499241 3499307 2571 3
8215070 8215088 31 1
4419304 4419360 68 3
8246344 8246362 1438 1
6541670 6541705 9511 1
5942506 5942547 1866 1
9462617 9462623 352 1
6470366 6470402 40 2
6463430 6463466 350 1
1283519 1283607 24 4
7042709 7042739 47 2
5610517 5610561 408 2
9088402 9088412 138 1
5327278 5327325 413 2
9042978 9042988 1475 1
7035011 7035041 1321 1
3005863 3005933 136 2
5646232 5646276 26 2
5086971 5087021 273 2
8871249 8871261 1381 1
1732964 1733047 26 5
4995651 4995702 385 2
4444988 4445044 546 2
7080245 7080275 117 1
7534926 7534951 24 2
4008109 4008169 136 3
4567417 4567472 26 2
1118049 1118138 26 2
5394437 5394484 21 2
9953622 9953623 2073 1
8173291 8173310 275 1
2742744 2742817 936 2
3684164 3684228 26 3
8966436 8966447 2097 1
8043929 8043949 1545 1
3262307 3262375 686 2
2390085 2390162 26 3
8501326 8501341 94 2
5520123 5520168 21 2
1783915 1783998 40 3
7279987 7280015 165 2
5188570 5188619 26 2
6198445 6198484 11 2
4460649 4460705 166 2
2998051 2998122 4 2
2144478 2144557 1021 2
1619684 1619768 47 3
3296436 3296504 165 2
6133499 6133538 733 1
8179320 8179339 486 1
4869540 4869592 1135 1
4724072 4724125 26 3
8136323 8136342 956 1
491138 491234 75 2
487832 487928 165 2
3430089 3430155 26 3
5394969 5395016 26 2
3656668 3656732 47 3
2406770 2406846 116 2
8191696 8191715 4959 1
8262915 8262933 1049 1
9685074 9685078 1360 1
2108504 2108583 26 3
3019600 3019670 1435 2
6651356 6651390 544 1
6828175 6828207 319 1
7306068 7306095 3653 2
5370234 5370281 47 2
4360512 4360569 416 1
4774595 4774648 136 2
5190885 5190934 70 2
3172151 3172220 47 3
1004525 1004615 26 2
5586932 5586977 26 2
5687594 5687638 196 2
1265304 1265392 123 2
7490610 7490636 205 2
5201605 5201653 24 2
6202189 6202227 26 2
164854 164953 3 4
6018133 6018173 622 2
4005813 4005873 26 3
5742243 5742286 26 2
8982122 8982133 645 1
368474 368571 40 4
8287432 8287450 24 2
8770495 8770508 2839 1
8572974 8572989 586 1
629115 629209 47 7
9593839 9593844 165 1
2015548 2015628 182 3
699576 699670 136 3
9507639 9507644 1097 1
1819467 1819549 40 3
1730689 1730772 47 3
167401 167500 26 4
8866627 8866639 2300 1
9954595 9954596 576 1
8530422 8530437 23 1
9465718 9465724 1117 1
1986420 1986501 26 3
8345755 8345772 182 2
7665558 7665582 678 1
7923257 7923278 99 1
4660794 4660848 26 3
8238750 8238768 785 1
8852055 8852067 888 1
375095 375192 47 3
6048413 6048453 26 2
2783880 2783953 377 2
4501655 4501710 136 2
9197742 9197751 669 1
4495716 4495772 954 2
6982068 6982099 51 1
9255561 9255569 217 1
2541122 2541197 758 2
7654290 7654314 1048 1
5897507 5897549 3087 2
4837635 4837687 26 2
1725493 1725576 1021 2
4472297 4472353 232 2
2347803 2347880 40 3
562053 562148 47 3
2392880 2392957 26 3
8577447 8577462 586 2
5169759 5169808 23 2
4610504 4610558 135 2
8583835 8583850 3308 1
7794805 7794828 40 2
7675086 7675110 270 1
9826456 9826458 484 1
3860363 3860425 116 2
1826030 1826112 51 2
414631 414727 47 3
9772426 9772429 861 1
2629093 2629167 47 3
665185 665279 26 2
8977062 8977073 31 1
2914731 2914802 26 3
6845578 6845610 24 2
6956842 6956873 72 2
663490 663584 165 2
6823603 6823635 1507 1
510175 510270 23 3
7498659 7498685 54476 1
2836052 2836124 165 1
4950845 4950896 656 2
3016100 3016170 792 2
4804865 4804917 68 2
3204245 3204313 455 2
1669933 1670017 272 3
1483082 1483168 47 3
8972310 8972321 6633 1
8243658 8243676 363 1
8298559 8298577 119 1
1135186 1135275 143 2
3360361 3360428 1113 2
7576071 7576096 31 2
8843693 8843705 185 1
4306147 4306204 23 3
368737 368834 26 3
9463667 9463673 940 1
8194831 8194850 272 2
1507033 1507118 26 4
5914983 5915024 782 1
3341479 3341546 47 2
1090301 1090391 136 5
7045667 7045697 24 2
8290718 8290736 18 2
346866 346963 47 2
8207316 8207334 1699 1
4327599 4327656 276 2
5446716 5446762 1022 2
6710564 6710597 5935 1
4388566 4388623 40 2
2081537 2081617 23 3
3627145 3627209 136 3
7061766 7061796 486 1
7336506 7336533 40 2
2167287 2167366 632 3
602882 602976 1320 2
5289959 5290007 38 2
888359 888451 26 4
5661922 5661966 26 2
6884862 6884894 68 1
8528036 8528051 8 1
1028814 1028904 1732 2
2481825 2481901 1392 2
6662423 6662457 363 1
5593354 5593399 428 2
9857912 9857914 2281 1
8614987 8615001 275 1
9688479 9688483 675 1
2547686 2547761 26 4
3330997 3331064 47 4
1361142 1361229 47 4
3333459 3333526 3 2
2991160 2991231 262 3
5582854 5582899 40 3
2915432 2915503 451 1
3550399 3550464 423 2
6071075 6071115 128 1
7912946 7912967 362 1
3195220 3195289 31 3
1333386 1333473 1227 2
3043599 3043669 47 3
5610747 5610791 350 2
7698865 7698889 686 2
579824 579919 47 2
1720937 1721020 24 2
1467651 1467737 47 2
3663773 3663837 129 2
1960281 1960362 272 4
5087293 5087343 3 4
8973579 8973590 3 1
9073371 9073381 88 1
6498047 6498083 19 1
9349277 9349284 1093 1
3407966 3408032 47 2
9997563 9997564 677 1
6204365 6204403 592 2
4337911 4337968 26 3
710883 710976 962 2
4047169 4047229 4 2
813108 813200 47 3
